app/(tabs)/_layout.tsx(48,16): error TS2322: Type '{ children: Element; delayLongPress: number | undefined; disabled: boolean | undefined; style: { top: number; justifyContent: "center"; alignItems: "center"; }; id?: string | undefined; ... 108 more ...; hoverEffect?: HoverEffectProps | undefined; }' is not assignable to type 'TouchableOpacityProps'.
  Types of property 'onBlur' are incompatible.
    Type '((event: NativeSyntheticEvent<TargetedEvent>) => void) | null | undefined' is not assignable to type '((e: NativeSyntheticEvent<TargetedEvent>) => void) | undefined'.
      Type 'null' is not assignable to type '((e: NativeSyntheticEvent<TargetedEvent>) => void) | undefined'.
NotaPoint/app/(tabs)/_layout.tsx(77,17): error TS2769: No overload matches this call.
  Overload 1 of 2, '(props: LinearGradientProps): LinearGradient', gave the following error.
    Type 'string[]' is not assignable to type 'readonly [ColorValue, ColorValue, ...ColorValue[]]'.
      Source provides no match for required element at position 0 in target.
  Overload 2 of 2, '(props: LinearGradientProps, context: any): LinearGradient', gave the following error.
    Type 'string[]' is not assignable to type 'readonly [ColorValue, ColorValue, ...ColorValue[]]'.
      Source provides no match for required element at position 0 in target.
NotaPoint/app/(tabs)/index.tsx(27,17): error TS2769: No overload matches this call.
  Overload 1 of 2, '(props: LinearGradientProps): LinearGradient', gave the following error.
    Type 'string[]' is not assignable to type 'readonly [ColorValue, ColorValue, ...ColorValue[]]'.
      Source provides no match for required element at position 0 in target.
  Overload 2 of 2, '(props: LinearGradientProps, context: any): LinearGradient', gave the following error.
    Type 'string[]' is not assignable to type 'readonly [ColorValue, ColorValue, ...ColorValue[]]'.
      Source provides no match for required element at position 0 in target.
NotaPoint/app/(tabs)/index.tsx(50,15): error TS2322: Type '"gradient"' is not assignable to type '"default" | "link" | "secondary" | "destructive" | "outline" | "ghost" | null | undefined'.
NotaPoint/app/(tabs)/scanner.tsx(62,29): error TS2322: Type '"gradient"' is not assignable to type '"default" | "link" | "secondary" | "destructive" | "outline" | "ghost" | null | undefined'.
NotaPoint/app/deals.tsx(8,39): error TS2307: Cannot find module '@/lib/format-date' or its corresponding type declarations.
NotaPoint/app/favorites.tsx(10,39): error TS2307: Cannot find module '@/lib/format-date' or its corresponding type declarations.
NotaPoint/app/finances.tsx(15,120): error TS2307: Cannot find module '@/components/finances/SimpleCharts' or its corresponding type declarations.
NotaPoint/app/finances.tsx(16,43): error TS2307: Cannot find module 'moti' or its corresponding type declarations.
NotaPoint/app/onboarding.tsx(110,21): error TS2322: Type '"gradient"' is not assignable to type '"default" | "link" | "secondary" | "destructive" | "outline" | "ghost" | null | undefined'.
NotaPoint/app/receipt-result.tsx(101,25): error TS2322: Type '"gradient"' is not assignable to type '"default" | "link" | "secondary" | "destructive" | "outline" | "ghost" | null | undefined'.
NotaPoint/components/home/RecentDeals.tsx(5,39): error TS2307: Cannot find module '@/lib/format-date' or its corresponding type declarations.
NotaPoint/components/ui/button.tsx(50,17): error TS2769: No overload matches this call.
  Overload 1 of 2, '(props: ViewProps): View', gave the following error.
    Type 'string | number | bigint | boolean | Iterable<ReactNode> | Promise<AwaitedReactNode> | Element | ((state: PressableStateCallbackType) => ReactNode) | null | undefined' is not assignable to type 'ReactNode'.
      Type '(state: PressableStateCallbackType) => ReactNode' is not assignable to type 'ReactNode'.
  Overload 2 of 2, '(props: ViewProps, context: any): View', gave the following error.
    Type 'string | number | bigint | boolean | Iterable<ReactNode> | Promise<AwaitedReactNode> | Element | ((state: PressableStateCallbackType) => ReactNode) | null | undefined' is not assignable to type 'ReactNode'.
      Type '(state: PressableStateCallbackType) => ReactNode' is not assignable to type 'ReactNode'.
NotaPoint/temp_extract/xassafsdvsdiufm-main/src/App.tsx(1,25): error TS2307: Cannot find module '@/components/ui/toaster' or its corresponding type declarations.
NotaPoint/temp_extract/xassafsdvsdiufm-main/src/App.tsx(2,35): error TS2307: Cannot find module '@/components/ui/sonner' or its corresponding type declarations.
NotaPoint/temp_extract/xassafsdvsdiufm-main/src/App.tsx(3,33): error TS2307: Cannot find module '@/components/ui/tooltip' or its corresponding type declarations.
NotaPoint/temp_extract/xassafsdvsdiufm-main/src/App.tsx(5,46): error TS2307: Cannot find module 'react-router-dom' or its corresponding type declarations.
NotaPoint/temp_extract/xassafsdvsdiufm-main/src/components/finances/InflationCharts.tsx(2,41): error TS2307: Cannot find module 'framer-motion' or its corresponding type declarations.
NotaPoint/temp_extract/xassafsdvsdiufm-main/src/components/finances/InflationCharts.tsx(6,8): error TS2307: Cannot find module 'lucide-react' or its corresponding type declarations.
NotaPoint/temp_extract/xassafsdvsdiufm-main/src/components/finances/InflationCharts.tsx(7,132): error TS2307: Cannot find module 'recharts' or its corresponding type declarations.
NotaPoint/temp_extract/xassafsdvsdiufm-main/src/components/finances/InflationCharts.tsx(8,18): error TS2305: Module '"@/components/ui/select"' has no exported member 'SelectContent'.
NotaPoint/temp_extract/xassafsdvsdiufm-main/src/components/finances/InflationCharts.tsx(8,33): error TS2305: Module '"@/components/ui/select"' has no exported member 'SelectItem'.
NotaPoint/temp_extract/xassafsdvsdiufm-main/src/components/finances/InflationCharts.tsx(8,45): error TS2305: Module '"@/components/ui/select"' has no exported member 'SelectTrigger'.
NotaPoint/temp_extract/xassafsdvsdiufm-main/src/components/finances/InflationCharts.tsx(8,60): error TS2305: Module '"@/components/ui/select"' has no exported member 'SelectValue'.
NotaPoint/temp_extract/xassafsdvsdiufm-main/src/components/finances/InflationCharts.tsx(201,33): error TS7006: Parameter 'value' implicitly has an 'any' type.
NotaPoint/temp_extract/xassafsdvsdiufm-main/src/components/finances/InflationCharts.tsx(266,33): error TS7006: Parameter 'value' implicitly has an 'any' type.
NotaPoint/temp_extract/xassafsdvsdiufm-main/src/components/finances/InflationCharts.tsx(297,10): error TS2322: Type '{ children: Element[]; value: string; onValueChange: Dispatch<SetStateAction<string | null>>; }' is not assignable to type 'IntrinsicAttributes & SelectProps'.
  Property 'children' does not exist on type 'IntrinsicAttributes & SelectProps'.
NotaPoint/temp_extract/xassafsdvsdiufm-main/src/components/finances/InflationCharts.tsx(373,41): error TS7006: Parameter 'value' implicitly has an 'any' type.
NotaPoint/temp_extract/xassafsdvsdiufm-main/src/components/home/QuickStats.tsx(1,24): error TS2307: Cannot find module 'framer-motion' or its corresponding type declarations.
NotaPoint/temp_extract/xassafsdvsdiufm-main/src/components/home/QuickStats.tsx(2,46): error TS2307: Cannot find module 'lucide-react' or its corresponding type declarations.
NotaPoint/temp_extract/xassafsdvsdiufm-main/src/components/home/RecentDeals.tsx(1,24): error TS2307: Cannot find module 'framer-motion' or its corresponding type declarations.
NotaPoint/temp_extract/xassafsdvsdiufm-main/src/components/home/RecentDeals.tsx(2,45): error TS2307: Cannot find module 'lucide-react' or its corresponding type declarations.
NotaPoint/temp_extract/xassafsdvsdiufm-main/src/components/home/RecentDeals.tsx(5,29): error TS2307: Cannot find module 'react-router-dom' or its corresponding type declarations.
NotaPoint/temp_extract/xassafsdvsdiufm-main/src/components/home/RecentDeals.tsx(100,68): error TS2322: Type '{ children: (string | Element)[]; variant: "ghost"; size: "sm"; className: string; onClick: () => any; }' is not assignable to type 'IntrinsicAttributes & ButtonProps & RefAttributes<View>'.
  Property 'onClick' does not exist on type 'IntrinsicAttributes & ButtonProps & RefAttributes<View>'.
NotaPoint/temp_extract/xassafsdvsdiufm-main/src/components/inflation/InflationTracker.tsx(2,41): error TS2307: Cannot find module 'framer-motion' or its corresponding type declarations.
NotaPoint/temp_extract/xassafsdvsdiufm-main/src/components/inflation/InflationTracker.tsx(3,100): error TS2307: Cannot find module 'lucide-react' or its corresponding type declarations.
NotaPoint/temp_extract/xassafsdvsdiufm-main/src/components/inflation/InflationTracker.tsx(5,18): error TS2305: Module '"@/components/ui/select"' has no exported member 'SelectContent'.
NotaPoint/temp_extract/xassafsdvsdiufm-main/src/components/inflation/InflationTracker.tsx(5,33): error TS2305: Module '"@/components/ui/select"' has no exported member 'SelectItem'.
NotaPoint/temp_extract/xassafsdvsdiufm-main/src/components/inflation/InflationTracker.tsx(5,45): error TS2305: Module '"@/components/ui/select"' has no exported member 'SelectTrigger'.
NotaPoint/temp_extract/xassafsdvsdiufm-main/src/components/inflation/InflationTracker.tsx(5,60): error TS2305: Module '"@/components/ui/select"' has no exported member 'SelectValue'.
NotaPoint/temp_extract/xassafsdvsdiufm-main/src/components/inflation/InflationTracker.tsx(6,74): error TS2307: Cannot find module '@/components/ui/tooltip' or its corresponding type declarations.
NotaPoint/temp_extract/xassafsdvsdiufm-main/src/components/inflation/InflationTracker.tsx(74,10): error TS2322: Type '{ children: Element[]; value: string; onValueChange: Dispatch<SetStateAction<string>>; }' is not assignable to type 'IntrinsicAttributes & SelectProps'.
  Property 'children' does not exist on type 'IntrinsicAttributes & SelectProps'.
NotaPoint/temp_extract/xassafsdvsdiufm-main/src/components/layout/BottomNav.tsx(1,60): error TS2307: Cannot find module 'lucide-react' or its corresponding type declarations.
NotaPoint/temp_extract/xassafsdvsdiufm-main/src/components/layout/BottomNav.tsx(2,25): error TS2307: Cannot find module '@/components/NavLink' or its corresponding type declarations.
NotaPoint/temp_extract/xassafsdvsdiufm-main/src/components/map/FictionalMap.tsx(1,24): error TS2307: Cannot find module 'framer-motion' or its corresponding type declarations.
NotaPoint/temp_extract/xassafsdvsdiufm-main/src/components/map/FictionalMap.tsx(2,36): error TS2307: Cannot find module 'lucide-react' or its corresponding type declarations.
NotaPoint/temp_extract/xassafsdvsdiufm-main/src/components/map/StoreMapDialog.tsx(2,41): error TS2307: Cannot find module 'framer-motion' or its corresponding type declarations.
NotaPoint/temp_extract/xassafsdvsdiufm-main/src/components/map/StoreMapDialog.tsx(3,59): error TS2307: Cannot find module 'lucide-react' or its corresponding type declarations.
NotaPoint/temp_extract/xassafsdvsdiufm-main/src/components/map/StoreMapDialog.tsx(4,26): error TS2307: Cannot find module '@/components/map/FictionalMap' or its corresponding type declarations.
NotaPoint/temp_extract/xassafsdvsdiufm-main/src/components/map/StoreMapDialog.tsx(11,8): error TS2307: Cannot find module '@/components/ui/dialog' or its corresponding type declarations.
NotaPoint/temp_extract/xassafsdvsdiufm-main/src/components/map/StoreMapDialog.tsx(12,58): error TS2307: Cannot find module '@/components/ui/tabs' or its corresponding type declarations.
NotaPoint/temp_extract/xassafsdvsdiufm-main/src/components/map/StoreMapDialog.tsx(149,51): error TS7006: Parameter 'v' implicitly has an 'any' type.
NotaPoint/temp_extract/xassafsdvsdiufm-main/src/components/map/StoreMapDialog.tsx(175,31): error TS7006: Parameter 'id' implicitly has an 'any' type.
NotaPoint/temp_extract/xassafsdvsdiufm-main/src/components/map/StoreMapDialog.tsx(321,21): error TS2322: Type '"accent"' is not assignable to type '"default" | "link" | "secondary" | "destructive" | "outline" | "ghost" | null | undefined'.
NotaPoint/temp_extract/xassafsdvsdiufm-main/src/components/NavLink.tsx(1,56): error TS2307: Cannot find module 'react-router-dom' or its corresponding type declarations.
NotaPoint/temp_extract/xassafsdvsdiufm-main/src/components/NavLink.tsx(17,23): error TS7031: Binding element 'isActive' implicitly has an 'any' type.
NotaPoint/temp_extract/xassafsdvsdiufm-main/src/components/NavLink.tsx(17,33): error TS7031: Binding element 'isPending' implicitly has an 'any' type.
NotaPoint/temp_extract/xassafsdvsdiufm-main/src/components/onboarding/OnboardingStep.tsx(1,24): error TS2307: Cannot find module 'framer-motion' or its corresponding type declarations.
NotaPoint/temp_extract/xassafsdvsdiufm-main/src/components/onboarding/OnboardingStep.tsx(2,28): error TS2307: Cannot find module 'lucide-react' or its corresponding type declarations.
NotaPoint/temp_extract/xassafsdvsdiufm-main/src/components/products/CategoryPill.tsx(1,28): error TS2307: Cannot find module 'lucide-react' or its corresponding type declarations.
NotaPoint/temp_extract/xassafsdvsdiufm-main/src/components/products/ProductCard.tsx(1,24): error TS2307: Cannot find module 'framer-motion' or its corresponding type declarations.
NotaPoint/temp_extract/xassafsdvsdiufm-main/src/components/products/ProductCard.tsx(2,57): error TS2307: Cannot find module 'lucide-react' or its corresponding type declarations.
NotaPoint/temp_extract/xassafsdvsdiufm-main/src/components/scanner/ScannerView.tsx(1,24): error TS2307: Cannot find module 'framer-motion' or its corresponding type declarations.
NotaPoint/temp_extract/xassafsdvsdiufm-main/src/components/scanner/ScannerView.tsx(2,31): error TS2307: Cannot find module 'lucide-react' or its corresponding type declarations.
NotaPoint/temp_extract/xassafsdvsdiufm-main/src/components/ui/accordion.tsx(2,37): error TS2307: Cannot find module '@radix-ui/react-accordion' or its corresponding type declarations.
NotaPoint/temp_extract/xassafsdvsdiufm-main/src/components/ui/accordion.tsx(3,29): error TS2307: Cannot find module 'lucide-react' or its corresponding type declarations.
NotaPoint/temp_extract/xassafsdvsdiufm-main/src/components/ui/alert-dialog.tsx(2,39): error TS2307: Cannot find module '@radix-ui/react-alert-dialog' or its corresponding type declarations.
NotaPoint/temp_extract/xassafsdvsdiufm-main/src/components/ui/aspect-ratio.tsx(1,39): error TS2307: Cannot find module '@radix-ui/react-aspect-ratio' or its corresponding type declarations.
NotaPoint/temp_extract/xassafsdvsdiufm-main/src/components/ui/avatar.tsx(2,34): error TS2307: Cannot find module '@radix-ui/react-avatar' or its corresponding type declarations.
NotaPoint/temp_extract/xassafsdvsdiufm-main/src/components/ui/breadcrumb.tsx(3,46): error TS2307: Cannot find module 'lucide-react' or its corresponding type declarations.
NotaPoint/temp_extract/xassafsdvsdiufm-main/src/components/ui/calendar.tsx(2,43): error TS2307: Cannot find module 'lucide-react' or its corresponding type declarations.
NotaPoint/temp_extract/xassafsdvsdiufm-main/src/components/ui/calendar.tsx(3,27): error TS2307: Cannot find module 'react-day-picker' or its corresponding type declarations.
NotaPoint/temp_extract/xassafsdvsdiufm-main/src/components/ui/carousel.tsx(2,61): error TS2307: Cannot find module 'embla-carousel-react' or its corresponding type declarations.
NotaPoint/temp_extract/xassafsdvsdiufm-main/src/components/ui/carousel.tsx(3,39): error TS2307: Cannot find module 'lucide-react' or its corresponding type declarations.
NotaPoint/temp_extract/xassafsdvsdiufm-main/src/components/ui/carousel.tsx(174,9): error TS2322: Type 'ForwardedRef<HTMLButtonElement>' is not assignable to type 'Ref<View> | undefined'.
  Type 'RefObject<HTMLButtonElement | null>' is not assignable to type 'Ref<View> | undefined'.
    Type 'RefObject<HTMLButtonElement | null>' is not assignable to type 'RefObject<View | null>'.
      Type 'HTMLButtonElement | null' is not assignable to type 'View | null'.
        Type 'HTMLButtonElement' is not assignable to type 'NativeMethods & ViewComponent'.
          Type 'HTMLButtonElement' is missing the following properties from type 'NativeMethods': measure, measureInWindow, measureLayout, setNativeProps
NotaPoint/temp_extract/xassafsdvsdiufm-main/src/components/ui/carousel.tsx(202,9): error TS2322: Type 'ForwardedRef<HTMLButtonElement>' is not assignable to type 'Ref<View> | undefined'.
  Type 'RefObject<HTMLButtonElement | null>' is not assignable to type 'Ref<View> | undefined'.
    Type 'RefObject<HTMLButtonElement | null>' is not assignable to type 'RefObject<View | null>'.
      Type 'HTMLButtonElement | null' is not assignable to type 'View | null'.
        Type 'HTMLButtonElement' is not assignable to type 'NativeMethods & ViewComponent'.
          Type 'HTMLButtonElement' is missing the following properties from type 'NativeMethods': measure, measureInWindow, measureLayout, setNativeProps
NotaPoint/temp_extract/xassafsdvsdiufm-main/src/components/ui/chart.tsx(2,36): error TS2307: Cannot find module 'recharts' or its corresponding type declarations.
NotaPoint/temp_extract/xassafsdvsdiufm-main/src/components/ui/chart.tsx(163,25): error TS7006: Parameter 'item' implicitly has an 'any' type.
NotaPoint/temp_extract/xassafsdvsdiufm-main/src/components/ui/chart.tsx(163,31): error TS7006: Parameter 'index' implicitly has an 'any' type.
NotaPoint/temp_extract/xassafsdvsdiufm-main/src/components/ui/chart.tsx(249,21): error TS7006: Parameter 'item' implicitly has an 'any' type.
NotaPoint/temp_extract/xassafsdvsdiufm-main/src/components/ui/checkbox.tsx(2,36): error TS2307: Cannot find module '@radix-ui/react-checkbox' or its corresponding type declarations.
NotaPoint/temp_extract/xassafsdvsdiufm-main/src/components/ui/checkbox.tsx(3,23): error TS2307: Cannot find module 'lucide-react' or its corresponding type declarations.
NotaPoint/temp_extract/xassafsdvsdiufm-main/src/components/ui/collapsible.tsx(1,39): error TS2307: Cannot find module '@radix-ui/react-collapsible' or its corresponding type declarations.
NotaPoint/temp_extract/xassafsdvsdiufm-main/src/components/ui/command.tsx(2,34): error TS2307: Cannot find module '@radix-ui/react-dialog' or its corresponding type declarations.
NotaPoint/temp_extract/xassafsdvsdiufm-main/src/components/ui/command.tsx(3,45): error TS2307: Cannot find module 'cmdk' or its corresponding type declarations.
NotaPoint/temp_extract/xassafsdvsdiufm-main/src/components/ui/command.tsx(4,24): error TS2307: Cannot find module 'lucide-react' or its corresponding type declarations.
NotaPoint/temp_extract/xassafsdvsdiufm-main/src/components/ui/command.tsx(7,39): error TS2307: Cannot find module '@/components/ui/dialog' or its corresponding type declarations.
NotaPoint/temp_extract/xassafsdvsdiufm-main/src/components/ui/command.tsx(26,26): error TS2339: Property 'children' does not exist on type 'CommandDialogProps'.
NotaPoint/temp_extract/xassafsdvsdiufm-main/src/components/ui/context-menu.tsx(2,39): error TS2307: Cannot find module '@radix-ui/react-context-menu' or its corresponding type declarations.
NotaPoint/temp_extract/xassafsdvsdiufm-main/src/components/ui/context-menu.tsx(3,45): error TS2307: Cannot find module 'lucide-react' or its corresponding type declarations.
NotaPoint/temp_extract/xassafsdvsdiufm-main/src/components/ui/dialog.tsx(2,34): error TS2307: Cannot find module '@radix-ui/react-dialog' or its corresponding type declarations.
NotaPoint/temp_extract/xassafsdvsdiufm-main/src/components/ui/dialog.tsx(3,19): error TS2307: Cannot find module 'lucide-react' or its corresponding type declarations.
NotaPoint/temp_extract/xassafsdvsdiufm-main/src/components/ui/dropdown-menu.tsx(2,40): error TS2307: Cannot find module '@radix-ui/react-dropdown-menu' or its corresponding type declarations.
NotaPoint/temp_extract/xassafsdvsdiufm-main/src/components/ui/dropdown-menu.tsx(3,45): error TS2307: Cannot find module 'lucide-react' or its corresponding type declarations.
NotaPoint/temp_extract/xassafsdvsdiufm-main/src/components/ui/form.tsx(2,33): error TS2307: Cannot find module '@radix-ui/react-label' or its corresponding type declarations.
NotaPoint/temp_extract/xassafsdvsdiufm-main/src/components/ui/form.tsx(4,99): error TS2307: Cannot find module 'react-hook-form' or its corresponding type declarations.
NotaPoint/temp_extract/xassafsdvsdiufm-main/src/components/ui/form.tsx(7,23): error TS2307: Cannot find module '@/components/ui/label' or its corresponding type declarations.
NotaPoint/temp_extract/xassafsdvsdiufm-main/src/components/ui/hover-card.tsx(2,37): error TS2307: Cannot find module '@radix-ui/react-hover-card' or its corresponding type declarations.
NotaPoint/temp_extract/xassafsdvsdiufm-main/src/components/ui/input-otp.tsx(2,43): error TS2307: Cannot find module 'input-otp' or its corresponding type declarations.
NotaPoint/temp_extract/xassafsdvsdiufm-main/src/components/ui/input-otp.tsx(3,21): error TS2307: Cannot find module 'lucide-react' or its corresponding type declarations.
NotaPoint/temp_extract/xassafsdvsdiufm-main/src/components/ui/input-otp.tsx(29,44): error TS18046: 'inputOTPContext' is of type 'unknown'.
NotaPoint/temp_extract/xassafsdvsdiufm-main/src/components/ui/label.tsx(2,33): error TS2307: Cannot find module '@radix-ui/react-label' or its corresponding type declarations.
NotaPoint/temp_extract/xassafsdvsdiufm-main/src/components/ui/menubar.tsx(2,35): error TS2307: Cannot find module '@radix-ui/react-menubar' or its corresponding type declarations.
NotaPoint/temp_extract/xassafsdvsdiufm-main/src/components/ui/menubar.tsx(3,45): error TS2307: Cannot find module 'lucide-react' or its corresponding type declarations.
NotaPoint/temp_extract/xassafsdvsdiufm-main/src/components/ui/navigation-menu.tsx(2,42): error TS2307: Cannot find module '@radix-ui/react-navigation-menu' or its corresponding type declarations.
NotaPoint/temp_extract/xassafsdvsdiufm-main/src/components/ui/navigation-menu.tsx(4,29): error TS2307: Cannot find module 'lucide-react' or its corresponding type declarations.
NotaPoint/temp_extract/xassafsdvsdiufm-main/src/components/ui/pagination.tsx(2,59): error TS2307: Cannot find module 'lucide-react' or its corresponding type declarations.
NotaPoint/temp_extract/xassafsdvsdiufm-main/src/components/ui/popover.tsx(2,35): error TS2307: Cannot find module '@radix-ui/react-popover' or its corresponding type declarations.
NotaPoint/temp_extract/xassafsdvsdiufm-main/src/components/ui/progress.tsx(2,36): error TS2307: Cannot find module '@radix-ui/react-progress' or its corresponding type declarations.
NotaPoint/temp_extract/xassafsdvsdiufm-main/src/components/ui/radio-group.tsx(2,38): error TS2307: Cannot find module '@radix-ui/react-radio-group' or its corresponding type declarations.
NotaPoint/temp_extract/xassafsdvsdiufm-main/src/components/ui/radio-group.tsx(3,24): error TS2307: Cannot find module 'lucide-react' or its corresponding type declarations.
NotaPoint/temp_extract/xassafsdvsdiufm-main/src/components/ui/resizable.tsx(1,30): error TS2307: Cannot find module 'lucide-react' or its corresponding type declarations.
NotaPoint/temp_extract/xassafsdvsdiufm-main/src/components/ui/resizable.tsx(2,37): error TS2307: Cannot find module 'react-resizable-panels' or its corresponding type declarations.
NotaPoint/temp_extract/xassafsdvsdiufm-main/src/components/ui/scroll-area.tsx(2,38): error TS2307: Cannot find module '@radix-ui/react-scroll-area' or its corresponding type declarations.
NotaPoint/temp_extract/xassafsdvsdiufm-main/src/components/ui/select.tsx(2,34): error TS2307: Cannot find module '@radix-ui/react-select' or its corresponding type declarations.
NotaPoint/temp_extract/xassafsdvsdiufm-main/src/components/ui/select.tsx(3,47): error TS2307: Cannot find module 'lucide-react' or its corresponding type declarations.
NotaPoint/temp_extract/xassafsdvsdiufm-main/src/components/ui/separator.tsx(2,37): error TS2307: Cannot find module '@radix-ui/react-separator' or its corresponding type declarations.
NotaPoint/temp_extract/xassafsdvsdiufm-main/src/components/ui/sheet.tsx(1,33): error TS2307: Cannot find module '@radix-ui/react-dialog' or its corresponding type declarations.
NotaPoint/temp_extract/xassafsdvsdiufm-main/src/components/ui/sheet.tsx(3,19): error TS2307: Cannot find module 'lucide-react' or its corresponding type declarations.
NotaPoint/temp_extract/xassafsdvsdiufm-main/src/components/ui/sheet.tsx(55,22): error TS2339: Property 'className' does not exist on type 'SheetContentProps'.
NotaPoint/temp_extract/xassafsdvsdiufm-main/src/components/ui/sheet.tsx(55,33): error TS2339: Property 'children' does not exist on type 'SheetContentProps'.
NotaPoint/temp_extract/xassafsdvsdiufm-main/src/components/ui/sidebar.tsx(4,27): error TS2307: Cannot find module 'lucide-react' or its corresponding type declarations.
NotaPoint/temp_extract/xassafsdvsdiufm-main/src/components/ui/sidebar.tsx(6,29): error TS2307: Cannot find module '@/hooks/use-mobile' or its corresponding type declarations.
NotaPoint/temp_extract/xassafsdvsdiufm-main/src/components/ui/sidebar.tsx(10,27): error TS2307: Cannot find module '@/components/ui/separator' or its corresponding type declarations.
NotaPoint/temp_extract/xassafsdvsdiufm-main/src/components/ui/sidebar.tsx(11,37): error TS2307: Cannot find module '@/components/ui/sheet' or its corresponding type declarations.
NotaPoint/temp_extract/xassafsdvsdiufm-main/src/components/ui/sidebar.tsx(12,26): error TS2307: Cannot find module '@/components/ui/skeleton' or its corresponding type declarations.
NotaPoint/temp_extract/xassafsdvsdiufm-main/src/components/ui/sidebar.tsx(13,74): error TS2307: Cannot find module '@/components/ui/tooltip' or its corresponding type declarations.
NotaPoint/temp_extract/xassafsdvsdiufm-main/src/components/ui/sidebar.tsx(220,17): error TS2339: Property 'onClick' does not exist on type 'Omit<ButtonProps & RefAttributes<View>, "ref">'.
NotaPoint/temp_extract/xassafsdvsdiufm-main/src/components/ui/sidebar.tsx(230,9): error TS2322: Type '{ children: Element[]; variant: "default" | "link" | "secondary" | "destructive" | "outline" | "ghost" | null; id?: string | undefined; label?: string | undefined; style?: StyleProp<ViewStyle>; ... 68 more ...; onClick: (event: any) => void; }' is not assignable to type 'IntrinsicAttributes & ButtonProps & RefAttributes<View>'.
  Property 'onClick' does not exist on type 'IntrinsicAttributes & ButtonProps & RefAttributes<View>'.
NotaPoint/temp_extract/xassafsdvsdiufm-main/src/components/ui/sidebar.tsx(230,19): error TS7006: Parameter 'event' implicitly has an 'any' type.
NotaPoint/temp_extract/xassafsdvsdiufm-main/src/components/ui/slider.tsx(2,34): error TS2307: Cannot find module '@radix-ui/react-slider' or its corresponding type declarations.
NotaPoint/temp_extract/xassafsdvsdiufm-main/src/components/ui/sonner.tsx(1,26): error TS2307: Cannot find module 'next-themes' or its corresponding type declarations.
NotaPoint/temp_extract/xassafsdvsdiufm-main/src/components/ui/sonner.tsx(2,42): error TS2307: Cannot find module 'sonner' or its corresponding type declarations.
NotaPoint/temp_extract/xassafsdvsdiufm-main/src/components/ui/switch.tsx(2,35): error TS2307: Cannot find module '@radix-ui/react-switch' or its corresponding type declarations.
NotaPoint/temp_extract/xassafsdvsdiufm-main/src/components/ui/tabs.tsx(2,32): error TS2307: Cannot find module '@radix-ui/react-tabs' or its corresponding type declarations.
NotaPoint/temp_extract/xassafsdvsdiufm-main/src/components/ui/toast.tsx(2,34): error TS2307: Cannot find module '@radix-ui/react-toast' or its corresponding type declarations.
NotaPoint/temp_extract/xassafsdvsdiufm-main/src/components/ui/toast.tsx(4,19): error TS2307: Cannot find module 'lucide-react' or its corresponding type declarations.
NotaPoint/temp_extract/xassafsdvsdiufm-main/src/components/ui/toaster.tsx(1,26): error TS2307: Cannot find module '@/hooks/use-toast' or its corresponding type declarations.
NotaPoint/temp_extract/xassafsdvsdiufm-main/src/components/ui/toaster.tsx(2,95): error TS2307: Cannot find module '@/components/ui/toast' or its corresponding type declarations.
NotaPoint/temp_extract/xassafsdvsdiufm-main/src/components/ui/toaster.tsx(9,31): error TS7031: Binding element 'id' implicitly has an 'any' type.
NotaPoint/temp_extract/xassafsdvsdiufm-main/src/components/ui/toaster.tsx(9,35): error TS7031: Binding element 'title' implicitly has an 'any' type.
NotaPoint/temp_extract/xassafsdvsdiufm-main/src/components/ui/toaster.tsx(9,42): error TS7031: Binding element 'description' implicitly has an 'any' type.
NotaPoint/temp_extract/xassafsdvsdiufm-main/src/components/ui/toaster.tsx(9,55): error TS7031: Binding element 'action' implicitly has an 'any' type.
NotaPoint/temp_extract/xassafsdvsdiufm-main/src/components/ui/toggle-group.tsx(2,39): error TS2307: Cannot find module '@radix-ui/react-toggle-group' or its corresponding type declarations.
NotaPoint/temp_extract/xassafsdvsdiufm-main/src/components/ui/toggle-group.tsx(6,32): error TS2307: Cannot find module '@/components/ui/toggle' or its corresponding type declarations.
NotaPoint/temp_extract/xassafsdvsdiufm-main/src/components/ui/toggle.tsx(2,34): error TS2307: Cannot find module '@radix-ui/react-toggle' or its corresponding type declarations.
NotaPoint/temp_extract/xassafsdvsdiufm-main/src/components/ui/tooltip.tsx(2,35): error TS2307: Cannot find module '@radix-ui/react-tooltip' or its corresponding type declarations.
NotaPoint/temp_extract/xassafsdvsdiufm-main/src/components/ui/use-toast.ts(1,33): error TS2307: Cannot find module '@/hooks/use-toast' or its corresponding type declarations.
NotaPoint/temp_extract/xassafsdvsdiufm-main/src/hooks/use-toast.ts(3,53): error TS2307: Cannot find module '@/components/ui/toast' or its corresponding type declarations.
NotaPoint/temp_extract/xassafsdvsdiufm-main/src/hooks/use-toast.ts(153,22): error TS7006: Parameter 'open' implicitly has an 'any' type.
NotaPoint/temp_extract/xassafsdvsdiufm-main/src/main.tsx(1,28): error TS7016: Could not find a declaration file for module 'react-dom/client'. 'C:/Users/fillo/Desktop/NotaPoint/NotaPoint/node_modules/react-dom/client.js' implicitly has an 'any' type.
  Try `npm i --save-dev @types/react-dom` if it exists or add a new declaration (.d.ts) file containing `declare module 'react-dom/client';`
NotaPoint/temp_extract/xassafsdvsdiufm-main/src/main.tsx(2,17): error TS5097: An import path can only end with a '.tsx' extension when 'allowImportingTsExtensions' is enabled.
NotaPoint/temp_extract/xassafsdvsdiufm-main/src/pages/Deals.tsx(2,24): error TS2307: Cannot find module 'framer-motion' or its corresponding type declarations.
NotaPoint/temp_extract/xassafsdvsdiufm-main/src/pages/Deals.tsx(3,74): error TS2307: Cannot find module 'lucide-react' or its corresponding type declarations.
NotaPoint/temp_extract/xassafsdvsdiufm-main/src/pages/Deals.tsx(4,29): error TS2307: Cannot find module 'react-router-dom' or its corresponding type declarations.
NotaPoint/temp_extract/xassafsdvsdiufm-main/src/pages/Deals.tsx(5,30): error TS2307: Cannot find module '@/components/layout/MobileLayout' or its corresponding type declarations.
NotaPoint/temp_extract/xassafsdvsdiufm-main/src/pages/Favorites.tsx(1,24): error TS2307: Cannot find module 'framer-motion' or its corresponding type declarations.
NotaPoint/temp_extract/xassafsdvsdiufm-main/src/pages/Favorites.tsx(2,29): error TS2307: Cannot find module 'react-router-dom' or its corresponding type declarations.
NotaPoint/temp_extract/xassafsdvsdiufm-main/src/pages/Favorites.tsx(6,8): error TS2307: Cannot find module 'lucide-react' or its corresponding type declarations.
NotaPoint/temp_extract/xassafsdvsdiufm-main/src/pages/Favorites.tsx(7,30): error TS2307: Cannot find module '@/components/layout/MobileLayout' or its corresponding type declarations.
NotaPoint/temp_extract/xassafsdvsdiufm-main/src/pages/Favorites.tsx(8,58): error TS2307: Cannot find module '@/components/ui/tabs' or its corresponding type declarations.
NotaPoint/temp_extract/xassafsdvsdiufm-main/src/pages/Finances.tsx(2,41): error TS2307: Cannot find module 'framer-motion' or its corresponding type declarations.
NotaPoint/temp_extract/xassafsdvsdiufm-main/src/pages/Finances.tsx(7,8): error TS2307: Cannot find module 'lucide-react' or its corresponding type declarations.
NotaPoint/temp_extract/xassafsdvsdiufm-main/src/pages/Finances.tsx(8,30): error TS2307: Cannot find module '@/components/layout/MobileLayout' or its corresponding type declarations.
NotaPoint/temp_extract/xassafsdvsdiufm-main/src/pages/Finances.tsx(9,18): error TS2305: Module '"@/components/ui/select"' has no exported member 'SelectContent'.
NotaPoint/temp_extract/xassafsdvsdiufm-main/src/pages/Finances.tsx(9,33): error TS2305: Module '"@/components/ui/select"' has no exported member 'SelectItem'.
NotaPoint/temp_extract/xassafsdvsdiufm-main/src/pages/Finances.tsx(9,45): error TS2305: Module '"@/components/ui/select"' has no exported member 'SelectTrigger'.
NotaPoint/temp_extract/xassafsdvsdiufm-main/src/pages/Finances.tsx(9,60): error TS2305: Module '"@/components/ui/select"' has no exported member 'SelectValue'.
NotaPoint/temp_extract/xassafsdvsdiufm-main/src/pages/Finances.tsx(10,58): error TS2307: Cannot find module '@/components/ui/tabs' or its corresponding type declarations.
NotaPoint/temp_extract/xassafsdvsdiufm-main/src/pages/Finances.tsx(128,12): error TS2322: Type '{ children: Element[]; value: string; onValueChange: Dispatch<SetStateAction<string>>; }' is not assignable to type 'IntrinsicAttributes & SelectProps'.
  Property 'children' does not exist on type 'IntrinsicAttributes & SelectProps'.
NotaPoint/temp_extract/xassafsdvsdiufm-main/src/pages/Index.tsx(1,29): error TS2307: Cannot find module 'react-router-dom' or its corresponding type declarations.
NotaPoint/temp_extract/xassafsdvsdiufm-main/src/pages/Index.tsx(2,24): error TS2307: Cannot find module 'framer-motion' or its corresponding type declarations.
NotaPoint/temp_extract/xassafsdvsdiufm-main/src/pages/Index.tsx(3,32): error TS2307: Cannot find module 'lucide-react' or its corresponding type declarations.
NotaPoint/temp_extract/xassafsdvsdiufm-main/src/pages/Index.tsx(5,30): error TS2307: Cannot find module '@/components/layout/MobileLayout' or its corresponding type declarations.
NotaPoint/temp_extract/xassafsdvsdiufm-main/src/pages/Index.tsx(45,13): error TS2322: Type '{ children: Element; onClick: () => any; className: string; }' is not assignable to type 'IntrinsicAttributes & ButtonProps & RefAttributes<View>'.
  Property 'onClick' does not exist on type 'IntrinsicAttributes & ButtonProps & RefAttributes<View>'.
NotaPoint/temp_extract/xassafsdvsdiufm-main/src/pages/NotFound.tsx(1,29): error TS2307: Cannot find module 'react-router-dom' or its corresponding type declarations.
NotaPoint/temp_extract/xassafsdvsdiufm-main/src/pages/Notifications.tsx(1,24): error TS2307: Cannot find module 'framer-motion' or its corresponding type declarations.
NotaPoint/temp_extract/xassafsdvsdiufm-main/src/pages/Notifications.tsx(2,29): error TS2307: Cannot find module 'react-router-dom' or its corresponding type declarations.
NotaPoint/temp_extract/xassafsdvsdiufm-main/src/pages/Notifications.tsx(6,8): error TS2307: Cannot find module 'lucide-react' or its corresponding type declarations.
NotaPoint/temp_extract/xassafsdvsdiufm-main/src/pages/Notifications.tsx(7,30): error TS2307: Cannot find module '@/components/layout/MobileLayout' or its corresponding type declarations.
NotaPoint/temp_extract/xassafsdvsdiufm-main/src/pages/Notifications.tsx(136,15): error TS2322: Type '{ children: (string | Element)[]; variant: "ghost"; size: "sm"; onClick: () => void; className: string; }' is not assignable to type 'IntrinsicAttributes & ButtonProps & RefAttributes<View>'.
  Property 'onClick' does not exist on type 'IntrinsicAttributes & ButtonProps & RefAttributes<View>'.
NotaPoint/temp_extract/xassafsdvsdiufm-main/src/pages/Onboarding.tsx(2,29): error TS2307: Cannot find module 'react-router-dom' or its corresponding type declarations.
NotaPoint/temp_extract/xassafsdvsdiufm-main/src/pages/Onboarding.tsx(3,41): error TS2307: Cannot find module 'framer-motion' or its corresponding type declarations.
NotaPoint/temp_extract/xassafsdvsdiufm-main/src/pages/Onboarding.tsx(4,60): error TS2307: Cannot find module 'lucide-react' or its corresponding type declarations.
NotaPoint/temp_extract/xassafsdvsdiufm-main/src/pages/Onboarding.tsx(6,32): error TS2307: Cannot find module '@/components/onboarding/OnboardingStep' or its corresponding type declarations.
NotaPoint/temp_extract/xassafsdvsdiufm-main/src/pages/Onboarding.tsx(59,33): error TS2322: Type '{ children: string; variant: "ghost"; onClick: () => void; className: string; }' is not assignable to type 'IntrinsicAttributes & ButtonProps & RefAttributes<View>'.
  Property 'onClick' does not exist on type 'IntrinsicAttributes & ButtonProps & RefAttributes<View>'.
NotaPoint/temp_extract/xassafsdvsdiufm-main/src/pages/Onboarding.tsx(78,38): error TS2322: Type '"scanner"' is not assignable to type '"default" | "link" | "secondary" | "destructive" | "outline" | "ghost" | null | undefined'.
NotaPoint/temp_extract/xassafsdvsdiufm-main/src/pages/Profile.tsx(1,24): error TS2307: Cannot find module 'framer-motion' or its corresponding type declarations.
NotaPoint/temp_extract/xassafsdvsdiufm-main/src/pages/Profile.tsx(2,29): error TS2307: Cannot find module 'react-router-dom' or its corresponding type declarations.
NotaPoint/temp_extract/xassafsdvsdiufm-main/src/pages/Profile.tsx(6,8): error TS2307: Cannot find module 'lucide-react' or its corresponding type declarations.
NotaPoint/temp_extract/xassafsdvsdiufm-main/src/pages/Profile.tsx(7,30): error TS2307: Cannot find module '@/components/layout/MobileLayout' or its corresponding type declarations.
NotaPoint/temp_extract/xassafsdvsdiufm-main/src/pages/ReceiptResult.tsx(1,29): error TS2307: Cannot find module 'react-router-dom' or its corresponding type declarations.
NotaPoint/temp_extract/xassafsdvsdiufm-main/src/pages/ReceiptResult.tsx(2,24): error TS2307: Cannot find module 'framer-motion' or its corresponding type declarations.
NotaPoint/temp_extract/xassafsdvsdiufm-main/src/pages/ReceiptResult.tsx(3,64): error TS2307: Cannot find module 'lucide-react' or its corresponding type declarations.
NotaPoint/temp_extract/xassafsdvsdiufm-main/src/pages/ReceiptResult.tsx(5,30): error TS2307: Cannot find module '@/components/layout/MobileLayout' or its corresponding type declarations.
NotaPoint/temp_extract/xassafsdvsdiufm-main/src/pages/ReceiptResult.tsx(118,43): error TS2322: Type '"scanner"' is not assignable to type '"default" | "link" | "secondary" | "destructive" | "outline" | "ghost" | null | undefined'.
NotaPoint/temp_extract/xassafsdvsdiufm-main/src/pages/Recipes.tsx(2,41): error TS2307: Cannot find module 'framer-motion' or its corresponding type declarations.
NotaPoint/temp_extract/xassafsdvsdiufm-main/src/pages/Recipes.tsx(17,8): error TS2307: Cannot find module 'lucide-react' or its corresponding type declarations.
NotaPoint/temp_extract/xassafsdvsdiufm-main/src/pages/Recipes.tsx(18,30): error TS2307: Cannot find module '@/components/layout/MobileLayout' or its corresponding type declarations.
NotaPoint/temp_extract/xassafsdvsdiufm-main/src/pages/Recipes.tsx(21,58): error TS2307: Cannot find module '@/components/ui/tabs' or its corresponding type declarations.
NotaPoint/temp_extract/xassafsdvsdiufm-main/src/pages/Recipes.tsx(282,56): error TS2339: Property 'value' does not exist on type 'NativeMethods'.
NotaPoint/temp_extract/xassafsdvsdiufm-main/src/pages/Recipes.tsx(294,17): error TS2322: Type '{ children: string; key: string; variant: "default" | "outline"; size: "sm"; onClick: () => void; className: string; }' is not assignable to type 'IntrinsicAttributes & ButtonProps & RefAttributes<View>'.
  Property 'onClick' does not exist on type 'IntrinsicAttributes & ButtonProps & RefAttributes<View>'.
NotaPoint/temp_extract/xassafsdvsdiufm-main/src/pages/Scanner.tsx(2,29): error TS2307: Cannot find module 'react-router-dom' or its corresponding type declarations.
NotaPoint/temp_extract/xassafsdvsdiufm-main/src/pages/Scanner.tsx(3,41): error TS2307: Cannot find module 'framer-motion' or its corresponding type declarations.
NotaPoint/temp_extract/xassafsdvsdiufm-main/src/pages/Scanner.tsx(4,31): error TS2307: Cannot find module 'lucide-react' or its corresponding type declarations.
NotaPoint/temp_extract/xassafsdvsdiufm-main/src/pages/Scanner.tsx(31,11): error TS2322: Type '{ children: Element; variant: "ghost"; size: "icon"; onClick: () => any; className: string; }' is not assignable to type 'IntrinsicAttributes & ButtonProps & RefAttributes<View>'.
  Property 'onClick' does not exist on type 'IntrinsicAttributes & ButtonProps & RefAttributes<View>'.
NotaPoint/temp_extract/xassafsdvsdiufm-main/src/pages/Scanner.tsx(67,11): error TS2322: Type '{ children: string | Element; onClick: () => void; disabled: boolean; className: string; }' is not assignable to type 'IntrinsicAttributes & ButtonProps & RefAttributes<View>'.
  Property 'onClick' does not exist on type 'IntrinsicAttributes & ButtonProps & RefAttributes<View>'.
NotaPoint/temp_extract/xassafsdvsdiufm-main/src/pages/Search.tsx(2,24): error TS2307: Cannot find module 'framer-motion' or its corresponding type declarations.
NotaPoint/temp_extract/xassafsdvsdiufm-main/src/pages/Search.tsx(3,81): error TS2307: Cannot find module 'lucide-react' or its corresponding type declarations.
NotaPoint/temp_extract/xassafsdvsdiufm-main/src/pages/Search.tsx(5,30): error TS2307: Cannot find module '@/components/layout/MobileLayout' or its corresponding type declarations.
NotaPoint/temp_extract/xassafsdvsdiufm-main/src/pages/Search.tsx(6,30): error TS2307: Cannot find module '@/components/products/CategoryPill' or its corresponding type declarations.
NotaPoint/temp_extract/xassafsdvsdiufm-main/src/pages/Search.tsx(7,29): error TS2307: Cannot find module '@/components/products/ProductCard' or its corresponding type declarations.
NotaPoint/temp_extract/xassafsdvsdiufm-main/src/pages/Search.tsx(51,13): error TS2322: Type '{ type: string; placeholder: string; value: string; onChange: (e: TextInputChangeEvent) => void; className: string; }' is not assignable to type 'IntrinsicAttributes & TextInputProps & RefAttributes<TextInput>'.
  Property 'type' does not exist on type 'IntrinsicAttributes & TextInputProps & RefAttributes<TextInput>'.
NotaPoint/temp_extract/xassafsdvsdiufm-main/src/pages/Search.tsx(54,54): error TS2339: Property 'value' does not exist on type 'NativeMethods'.
NotaPoint/temp_extract/xassafsdvsdiufm-main/src/pages/Settings.tsx(1,24): error TS2307: Cannot find module 'framer-motion' or its corresponding type declarations.
NotaPoint/temp_extract/xassafsdvsdiufm-main/src/pages/Settings.tsx(2,29): error TS2307: Cannot find module 'react-router-dom' or its corresponding type declarations.
NotaPoint/temp_extract/xassafsdvsdiufm-main/src/pages/Settings.tsx(7,8): error TS2307: Cannot find module 'lucide-react' or its corresponding type declarations.
NotaPoint/temp_extract/xassafsdvsdiufm-main/src/pages/Settings.tsx(8,30): error TS2307: Cannot find module '@/components/layout/MobileLayout' or its corresponding type declarations.
NotaPoint/temp_extract/xassafsdvsdiufm-main/src/pages/Settings.tsx(9,24): error TS2307: Cannot find module '@/components/ui/switch' or its corresponding type declarations.
NotaPoint/temp_extract/xassafsdvsdiufm-main/src/pages/Settings.tsx(141,25): error TS2339: Property 'value' does not exist on type '{ icon: any; label: string; value: string; } | { icon: any; label: string; }'.
  Property 'value' does not exist on type '{ icon: any; label: string; }'.
NotaPoint/temp_extract/xassafsdvsdiufm-main/src/pages/Settings.tsx(143,29): error TS2339: Property 'value' does not exist on type '{ icon: any; label: string; value: string; } | { icon: any; label: string; }'.
  Property 'value' does not exist on type '{ icon: any; label: string; }'.
NotaPoint/temp_extract/xassafsdvsdiufm-main/src/pages/ShoppingList.tsx(2,24): error TS2307: Cannot find module 'framer-motion' or its corresponding type declarations.
NotaPoint/temp_extract/xassafsdvsdiufm-main/src/pages/ShoppingList.tsx(3,59): error TS2307: Cannot find module 'lucide-react' or its corresponding type declarations.
NotaPoint/temp_extract/xassafsdvsdiufm-main/src/pages/ShoppingList.tsx(6,30): error TS2307: Cannot find module '@/components/layout/MobileLayout' or its corresponding type declarations.
NotaPoint/temp_extract/xassafsdvsdiufm-main/src/pages/ShoppingList.tsx(7,32): error TS2307: Cannot find module '@/components/map/StoreMapDialog' or its corresponding type declarations.
NotaPoint/temp_extract/xassafsdvsdiufm-main/src/pages/ShoppingList.tsx(75,13): error TS2322: Type '{ type: string; placeholder: string; value: string; onChange: (e: TextInputChangeEvent) => void; onKeyPress: (e: TextInputKeyPressEvent) => false | void; className: string; }' is not assignable to type 'IntrinsicAttributes & TextInputProps & RefAttributes<TextInput>'.
  Property 'type' does not exist on type 'IntrinsicAttributes & TextInputProps & RefAttributes<TextInput>'.
NotaPoint/temp_extract/xassafsdvsdiufm-main/src/pages/ShoppingList.tsx(78,50): error TS2339: Property 'value' does not exist on type 'NativeMethods'.
NotaPoint/temp_extract/xassafsdvsdiufm-main/src/pages/ShoppingList.tsx(79,34): error TS2339: Property 'key' does not exist on type 'TextInputKeyPressEvent'.
NotaPoint/temp_extract/xassafsdvsdiufm-main/src/pages/ShoppingList.tsx(82,19): error TS2322: Type '{ children: Element; onClick: () => void; size: "icon"; className: string; }' is not assignable to type 'IntrinsicAttributes & ButtonProps & RefAttributes<View>'.
  Property 'onClick' does not exist on type 'IntrinsicAttributes & ButtonProps & RefAttributes<View>'.
NotaPoint/temp_extract/xassafsdvsdiufm-main/src/pages/ShoppingList.tsx(160,13): error TS2322: Type '"accent"' is not assignable to type '"default" | "link" | "secondary" | "destructive" | "outline" | "ghost" | null | undefined'.
NotaPoint/temp_extract/xassafsdvsdiufm-main/vite.config.ts(1,30): error TS2307: Cannot find module 'vite' or its corresponding type declarations.
NotaPoint/temp_extract/xassafsdvsdiufm-main/vite.config.ts(2,19): error TS2307: Cannot find module '@vitejs/plugin-react-swc' or its corresponding type declarations.
NotaPoint/temp_extract/xassafsdvsdiufm-main/vite.config.ts(4,33): error TS2307: Cannot find module 'lovable-tagger' or its corresponding type declarations.
NotaPoint/temp_extract/xassafsdvsdiufm-main/vite.config.ts(7,32): error TS7031: Binding element 'mode' implicitly has an 'any' type.
src/App.tsx(1,25): error TS2307: Cannot find module '@/components/ui/toaster' or its corresponding type declarations.
src/App.tsx(2,35): error TS2307: Cannot find module '@/components/ui/sonner' or its corresponding type declarations.
src/App.tsx(3,33): error TS2307: Cannot find module '@/components/ui/tooltip' or its corresponding type declarations.
src/App.tsx(5,46): error TS2307: Cannot find module 'react-router-dom' or its corresponding type declarations.
src/components/finances/InflationCharts.tsx(2,41): error TS2307: Cannot find module 'framer-motion' or its corresponding type declarations.
src/components/finances/InflationCharts.tsx(6,8): error TS2307: Cannot find module 'lucide-react' or its corresponding type declarations.
src/components/finances/InflationCharts.tsx(7,132): error TS2307: Cannot find module 'recharts' or its corresponding type declarations.
src/components/finances/InflationCharts.tsx(8,18): error TS2305: Module '"@/components/ui/select"' has no exported member 'SelectContent'.
src/components/finances/InflationCharts.tsx(8,33): error TS2305: Module '"@/components/ui/select"' has no exported member 'SelectItem'.
src/components/finances/InflationCharts.tsx(8,45): error TS2305: Module '"@/components/ui/select"' has no exported member 'SelectTrigger'.
src/components/finances/InflationCharts.tsx(8,60): error TS2305: Module '"@/components/ui/select"' has no exported member 'SelectValue'.
src/components/finances/InflationCharts.tsx(201,33): error TS7006: Parameter 'value' implicitly has an 'any' type.
src/components/finances/InflationCharts.tsx(266,33): error TS7006: Parameter 'value' implicitly has an 'any' type.
src/components/finances/InflationCharts.tsx(297,10): error TS2322: Type '{ children: Element[]; value: string; onValueChange: Dispatch<SetStateAction<string | null>>; }' is not assignable to type 'IntrinsicAttributes & SelectProps'.
  Property 'children' does not exist on type 'IntrinsicAttributes & SelectProps'.
src/components/finances/InflationCharts.tsx(373,41): error TS7006: Parameter 'value' implicitly has an 'any' type.
src/components/home/QuickStats.tsx(1,24): error TS2307: Cannot find module 'framer-motion' or its corresponding type declarations.
src/components/home/QuickStats.tsx(2,46): error TS2307: Cannot find module 'lucide-react' or its corresponding type declarations.
src/components/home/RecentDeals.tsx(1,24): error TS2307: Cannot find module 'framer-motion' or its corresponding type declarations.
src/components/home/RecentDeals.tsx(2,45): error TS2307: Cannot find module 'lucide-react' or its corresponding type declarations.
src/components/home/RecentDeals.tsx(5,29): error TS2307: Cannot find module 'react-router-dom' or its corresponding type declarations.
src/components/home/RecentDeals.tsx(100,68): error TS2322: Type '{ children: (string | Element)[]; variant: "ghost"; size: "sm"; className: string; onClick: () => any; }' is not assignable to type 'IntrinsicAttributes & ButtonProps & RefAttributes<View>'.
  Property 'onClick' does not exist on type 'IntrinsicAttributes & ButtonProps & RefAttributes<View>'.
src/components/inflation/InflationTracker.tsx(2,41): error TS2307: Cannot find module 'framer-motion' or its corresponding type declarations.
src/components/inflation/InflationTracker.tsx(3,100): error TS2307: Cannot find module 'lucide-react' or its corresponding type declarations.
src/components/inflation/InflationTracker.tsx(5,18): error TS2305: Module '"@/components/ui/select"' has no exported member 'SelectContent'.
src/components/inflation/InflationTracker.tsx(5,33): error TS2305: Module '"@/components/ui/select"' has no exported member 'SelectItem'.
src/components/inflation/InflationTracker.tsx(5,45): error TS2305: Module '"@/components/ui/select"' has no exported member 'SelectTrigger'.
src/components/inflation/InflationTracker.tsx(5,60): error TS2305: Module '"@/components/ui/select"' has no exported member 'SelectValue'.
src/components/inflation/InflationTracker.tsx(6,74): error TS2307: Cannot find module '@/components/ui/tooltip' or its corresponding type declarations.
src/components/inflation/InflationTracker.tsx(74,10): error TS2322: Type '{ children: Element[]; value: string; onValueChange: Dispatch<SetStateAction<string>>; }' is not assignable to type 'IntrinsicAttributes & SelectProps'.
  Property 'children' does not exist on type 'IntrinsicAttributes & SelectProps'.
src/components/layout/BottomNav.tsx(1,60): error TS2307: Cannot find module 'lucide-react' or its corresponding type declarations.
src/components/layout/BottomNav.tsx(2,25): error TS2307: Cannot find module '@/components/NavLink' or its corresponding type declarations.
src/components/map/FictionalMap.tsx(1,24): error TS2307: Cannot find module 'framer-motion' or its corresponding type declarations.
src/components/map/FictionalMap.tsx(2,36): error TS2307: Cannot find module 'lucide-react' or its corresponding type declarations.
src/components/map/StoreMapDialog.tsx(2,41): error TS2307: Cannot find module 'framer-motion' or its corresponding type declarations.
src/components/map/StoreMapDialog.tsx(3,59): error TS2307: Cannot find module 'lucide-react' or its corresponding type declarations.
src/components/map/StoreMapDialog.tsx(4,26): error TS2307: Cannot find module '@/components/map/FictionalMap' or its corresponding type declarations.
src/components/map/StoreMapDialog.tsx(11,8): error TS2307: Cannot find module '@/components/ui/dialog' or its corresponding type declarations.
src/components/map/StoreMapDialog.tsx(12,58): error TS2307: Cannot find module '@/components/ui/tabs' or its corresponding type declarations.
src/components/map/StoreMapDialog.tsx(149,51): error TS7006: Parameter 'v' implicitly has an 'any' type.
src/components/map/StoreMapDialog.tsx(175,31): error TS7006: Parameter 'id' implicitly has an 'any' type.
src/components/map/StoreMapDialog.tsx(321,21): error TS2322: Type '"accent"' is not assignable to type '"default" | "link" | "secondary" | "destructive" | "outline" | "ghost" | null | undefined'.
src/components/NavLink.tsx(1,56): error TS2307: Cannot find module 'react-router-dom' or its corresponding type declarations.
src/components/NavLink.tsx(17,23): error TS7031: Binding element 'isActive' implicitly has an 'any' type.
src/components/NavLink.tsx(17,33): error TS7031: Binding element 'isPending' implicitly has an 'any' type.
src/components/onboarding/OnboardingStep.tsx(1,24): error TS2307: Cannot find module 'framer-motion' or its corresponding type declarations.
src/components/onboarding/OnboardingStep.tsx(2,28): error TS2307: Cannot find module 'lucide-react' or its corresponding type declarations.
src/components/products/CategoryPill.tsx(1,28): error TS2307: Cannot find module 'lucide-react' or its corresponding type declarations.
src/components/products/ProductCard.tsx(1,24): error TS2307: Cannot find module 'framer-motion' or its corresponding type declarations.
src/components/products/ProductCard.tsx(2,57): error TS2307: Cannot find module 'lucide-react' or its corresponding type declarations.
src/components/scanner/ScannerView.tsx(1,24): error TS2307: Cannot find module 'framer-motion' or its corresponding type declarations.
src/components/scanner/ScannerView.tsx(2,31): error TS2307: Cannot find module 'lucide-react' or its corresponding type declarations.
src/components/ui/accordion.tsx(2,37): error TS2307: Cannot find module '@radix-ui/react-accordion' or its corresponding type declarations.
src/components/ui/accordion.tsx(3,29): error TS2307: Cannot find module 'lucide-react' or its corresponding type declarations.
src/components/ui/alert-dialog.tsx(2,39): error TS2307: Cannot find module '@radix-ui/react-alert-dialog' or its corresponding type declarations.
src/components/ui/aspect-ratio.tsx(1,39): error TS2307: Cannot find module '@radix-ui/react-aspect-ratio' or its corresponding type declarations.
src/components/ui/avatar.tsx(2,34): error TS2307: Cannot find module '@radix-ui/react-avatar' or its corresponding type declarations.
src/components/ui/breadcrumb.tsx(3,46): error TS2307: Cannot find module 'lucide-react' or its corresponding type declarations.
src/components/ui/calendar.tsx(2,43): error TS2307: Cannot find module 'lucide-react' or its corresponding type declarations.
src/components/ui/calendar.tsx(3,27): error TS2307: Cannot find module 'react-day-picker' or its corresponding type declarations.
src/components/ui/carousel.tsx(2,61): error TS2307: Cannot find module 'embla-carousel-react' or its corresponding type declarations.
src/components/ui/carousel.tsx(3,39): error TS2307: Cannot find module 'lucide-react' or its corresponding type declarations.
src/components/ui/carousel.tsx(174,9): error TS2322: Type 'ForwardedRef<HTMLButtonElement>' is not assignable to type 'Ref<View> | undefined'.
  Type 'RefObject<HTMLButtonElement | null>' is not assignable to type 'Ref<View> | undefined'.
    Type 'RefObject<HTMLButtonElement | null>' is not assignable to type 'RefObject<View | null>'.
      Type 'HTMLButtonElement | null' is not assignable to type 'View | null'.
        Type 'HTMLButtonElement' is not assignable to type 'NativeMethods & ViewComponent'.
          Type 'HTMLButtonElement' is missing the following properties from type 'NativeMethods': measure, measureInWindow, measureLayout, setNativeProps
src/components/ui/carousel.tsx(202,9): error TS2322: Type 'ForwardedRef<HTMLButtonElement>' is not assignable to type 'Ref<View> | undefined'.
  Type 'RefObject<HTMLButtonElement | null>' is not assignable to type 'Ref<View> | undefined'.
    Type 'RefObject<HTMLButtonElement | null>' is not assignable to type 'RefObject<View | null>'.
      Type 'HTMLButtonElement | null' is not assignable to type 'View | null'.
        Type 'HTMLButtonElement' is not assignable to type 'NativeMethods & ViewComponent'.
          Type 'HTMLButtonElement' is missing the following properties from type 'NativeMethods': measure, measureInWindow, measureLayout, setNativeProps
src/components/ui/chart.tsx(2,36): error TS2307: Cannot find module 'recharts' or its corresponding type declarations.
src/components/ui/chart.tsx(163,25): error TS7006: Parameter 'item' implicitly has an 'any' type.
src/components/ui/chart.tsx(163,31): error TS7006: Parameter 'index' implicitly has an 'any' type.
src/components/ui/chart.tsx(249,21): error TS7006: Parameter 'item' implicitly has an 'any' type.
src/components/ui/checkbox.tsx(2,36): error TS2307: Cannot find module '@radix-ui/react-checkbox' or its corresponding type declarations.
src/components/ui/checkbox.tsx(3,23): error TS2307: Cannot find module 'lucide-react' or its corresponding type declarations.
src/components/ui/collapsible.tsx(1,39): error TS2307: Cannot find module '@radix-ui/react-collapsible' or its corresponding type declarations.
src/components/ui/command.tsx(2,34): error TS2307: Cannot find module '@radix-ui/react-dialog' or its corresponding type declarations.
src/components/ui/command.tsx(3,45): error TS2307: Cannot find module 'cmdk' or its corresponding type declarations.
src/components/ui/command.tsx(4,24): error TS2307: Cannot find module 'lucide-react' or its corresponding type declarations.
src/components/ui/command.tsx(7,39): error TS2307: Cannot find module '@/components/ui/dialog' or its corresponding type declarations.
src/components/ui/command.tsx(26,26): error TS2339: Property 'children' does not exist on type 'CommandDialogProps'.
src/components/ui/context-menu.tsx(2,39): error TS2307: Cannot find module '@radix-ui/react-context-menu' or its corresponding type declarations.
src/components/ui/context-menu.tsx(3,45): error TS2307: Cannot find module 'lucide-react' or its corresponding type declarations.
src/components/ui/dialog.tsx(2,34): error TS2307: Cannot find module '@radix-ui/react-dialog' or its corresponding type declarations.
src/components/ui/dialog.tsx(3,19): error TS2307: Cannot find module 'lucide-react' or its corresponding type declarations.
src/components/ui/dropdown-menu.tsx(2,40): error TS2307: Cannot find module '@radix-ui/react-dropdown-menu' or its corresponding type declarations.
src/components/ui/dropdown-menu.tsx(3,45): error TS2307: Cannot find module 'lucide-react' or its corresponding type declarations.
src/components/ui/form.tsx(2,33): error TS2307: Cannot find module '@radix-ui/react-label' or its corresponding type declarations.
src/components/ui/form.tsx(4,99): error TS2307: Cannot find module 'react-hook-form' or its corresponding type declarations.
src/components/ui/form.tsx(7,23): error TS2307: Cannot find module '@/components/ui/label' or its corresponding type declarations.
src/components/ui/hover-card.tsx(2,37): error TS2307: Cannot find module '@radix-ui/react-hover-card' or its corresponding type declarations.
src/components/ui/input-otp.tsx(2,43): error TS2307: Cannot find module 'input-otp' or its corresponding type declarations.
src/components/ui/input-otp.tsx(3,21): error TS2307: Cannot find module 'lucide-react' or its corresponding type declarations.
src/components/ui/input-otp.tsx(29,44): error TS18046: 'inputOTPContext' is of type 'unknown'.
src/components/ui/label.tsx(2,33): error TS2307: Cannot find module '@radix-ui/react-label' or its corresponding type declarations.
src/components/ui/menubar.tsx(2,35): error TS2307: Cannot find module '@radix-ui/react-menubar' or its corresponding type declarations.
src/components/ui/menubar.tsx(3,45): error TS2307: Cannot find module 'lucide-react' or its corresponding type declarations.
src/components/ui/navigation-menu.tsx(2,42): error TS2307: Cannot find module '@radix-ui/react-navigation-menu' or its corresponding type declarations.
src/components/ui/navigation-menu.tsx(4,29): error TS2307: Cannot find module 'lucide-react' or its corresponding type declarations.
src/components/ui/pagination.tsx(2,59): error TS2307: Cannot find module 'lucide-react' or its corresponding type declarations.
src/components/ui/popover.tsx(2,35): error TS2307: Cannot find module '@radix-ui/react-popover' or its corresponding type declarations.
src/components/ui/progress.tsx(2,36): error TS2307: Cannot find module '@radix-ui/react-progress' or its corresponding type declarations.
src/components/ui/radio-group.tsx(2,38): error TS2307: Cannot find module '@radix-ui/react-radio-group' or its corresponding type declarations.
src/components/ui/radio-group.tsx(3,24): error TS2307: Cannot find module 'lucide-react' or its corresponding type declarations.
src/components/ui/resizable.tsx(1,30): error TS2307: Cannot find module 'lucide-react' or its corresponding type declarations.
src/components/ui/resizable.tsx(2,37): error TS2307: Cannot find module 'react-resizable-panels' or its corresponding type declarations.
src/components/ui/scroll-area.tsx(2,38): error TS2307: Cannot find module '@radix-ui/react-scroll-area' or its corresponding type declarations.
src/components/ui/select.tsx(2,34): error TS2307: Cannot find module '@radix-ui/react-select' or its corresponding type declarations.
src/components/ui/select.tsx(3,47): error TS2307: Cannot find module 'lucide-react' or its corresponding type declarations.
src/components/ui/separator.tsx(2,37): error TS2307: Cannot find module '@radix-ui/react-separator' or its corresponding type declarations.
src/components/ui/sheet.tsx(1,33): error TS2307: Cannot find module '@radix-ui/react-dialog' or its corresponding type declarations.
src/components/ui/sheet.tsx(3,19): error TS2307: Cannot find module 'lucide-react' or its corresponding type declarations.
src/components/ui/sheet.tsx(55,22): error TS2339: Property 'className' does not exist on type 'SheetContentProps'.
src/components/ui/sheet.tsx(55,33): error TS2339: Property 'children' does not exist on type 'SheetContentProps'.
src/components/ui/sidebar.tsx(4,27): error TS2307: Cannot find module 'lucide-react' or its corresponding type declarations.
src/components/ui/sidebar.tsx(6,29): error TS2307: Cannot find module '@/hooks/use-mobile' or its corresponding type declarations.
src/components/ui/sidebar.tsx(10,27): error TS2307: Cannot find module '@/components/ui/separator' or its corresponding type declarations.
src/components/ui/sidebar.tsx(11,37): error TS2307: Cannot find module '@/components/ui/sheet' or its corresponding type declarations.
src/components/ui/sidebar.tsx(12,26): error TS2307: Cannot find module '@/components/ui/skeleton' or its corresponding type declarations.
src/components/ui/sidebar.tsx(13,74): error TS2307: Cannot find module '@/components/ui/tooltip' or its corresponding type declarations.
src/components/ui/sidebar.tsx(220,17): error TS2339: Property 'onClick' does not exist on type 'Omit<ButtonProps & RefAttributes<View>, "ref">'.
src/components/ui/sidebar.tsx(230,9): error TS2322: Type '{ children: Element[]; variant: "default" | "link" | "secondary" | "destructive" | "outline" | "ghost" | null; id?: string | undefined; label?: string | undefined; style?: StyleProp<ViewStyle>; ... 68 more ...; onClick: (event: any) => void; }' is not assignable to type 'IntrinsicAttributes & ButtonProps & RefAttributes<View>'.
  Property 'onClick' does not exist on type 'IntrinsicAttributes & ButtonProps & RefAttributes<View>'.
src/components/ui/sidebar.tsx(230,19): error TS7006: Parameter 'event' implicitly has an 'any' type.
src/components/ui/slider.tsx(2,34): error TS2307: Cannot find module '@radix-ui/react-slider' or its corresponding type declarations.
src/components/ui/sonner.tsx(1,26): error TS2307: Cannot find module 'next-themes' or its corresponding type declarations.
src/components/ui/sonner.tsx(2,42): error TS2307: Cannot find module 'sonner' or its corresponding type declarations.
src/components/ui/switch.tsx(2,35): error TS2307: Cannot find module '@radix-ui/react-switch' or its corresponding type declarations.
src/components/ui/tabs.tsx(2,32): error TS2307: Cannot find module '@radix-ui/react-tabs' or its corresponding type declarations.
src/components/ui/toast.tsx(2,34): error TS2307: Cannot find module '@radix-ui/react-toast' or its corresponding type declarations.
src/components/ui/toast.tsx(4,19): error TS2307: Cannot find module 'lucide-react' or its corresponding type declarations.
src/components/ui/toaster.tsx(1,26): error TS2307: Cannot find module '@/hooks/use-toast' or its corresponding type declarations.
src/components/ui/toaster.tsx(2,95): error TS2307: Cannot find module '@/components/ui/toast' or its corresponding type declarations.
src/components/ui/toaster.tsx(9,31): error TS7031: Binding element 'id' implicitly has an 'any' type.
src/components/ui/toaster.tsx(9,35): error TS7031: Binding element 'title' implicitly has an 'any' type.
src/components/ui/toaster.tsx(9,42): error TS7031: Binding element 'description' implicitly has an 'any' type.
src/components/ui/toaster.tsx(9,55): error TS7031: Binding element 'action' implicitly has an 'any' type.
src/components/ui/toggle-group.tsx(2,39): error TS2307: Cannot find module '@radix-ui/react-toggle-group' or its corresponding type declarations.
src/components/ui/toggle-group.tsx(6,32): error TS2307: Cannot find module '@/components/ui/toggle' or its corresponding type declarations.
src/components/ui/toggle.tsx(2,34): error TS2307: Cannot find module '@radix-ui/react-toggle' or its corresponding type declarations.
src/components/ui/tooltip.tsx(2,35): error TS2307: Cannot find module '@radix-ui/react-tooltip' or its corresponding type declarations.
src/components/ui/use-toast.ts(1,33): error TS2307: Cannot find module '@/hooks/use-toast' or its corresponding type declarations.
src/hooks/use-toast.ts(3,53): error TS2307: Cannot find module '@/components/ui/toast' or its corresponding type declarations.
src/hooks/use-toast.ts(153,22): error TS7006: Parameter 'open' implicitly has an 'any' type.
src/main.tsx(1,28): error TS7016: Could not find a declaration file for module 'react-dom/client'. 'C:/Users/fillo/Desktop/NotaPoint/NotaPoint/node_modules/react-dom/client.js' implicitly has an 'any' type.
  Try `npm i --save-dev @types/react-dom` if it exists or add a new declaration (.d.ts) file containing `declare module 'react-dom/client';`
src/main.tsx(2,17): error TS5097: An import path can only end with a '.tsx' extension when 'allowImportingTsExtensions' is enabled.
src/pages/Deals.tsx(2,24): error TS2307: Cannot find module 'framer-motion' or its corresponding type declarations.
src/pages/Deals.tsx(3,74): error TS2307: Cannot find module 'lucide-react' or its corresponding type declarations.
src/pages/Deals.tsx(4,29): error TS2307: Cannot find module 'react-router-dom' or its corresponding type declarations.
src/pages/Deals.tsx(5,30): error TS2307: Cannot find module '@/components/layout/MobileLayout' or its corresponding type declarations.
src/pages/Favorites.tsx(1,24): error TS2307: Cannot find module 'framer-motion' or its corresponding type declarations.
src/pages/Favorites.tsx(2,29): error TS2307: Cannot find module 'react-router-dom' or its corresponding type declarations.
src/pages/Favorites.tsx(6,8): error TS2307: Cannot find module 'lucide-react' or its corresponding type declarations.
src/pages/Favorites.tsx(7,30): error TS2307: Cannot find module '@/components/layout/MobileLayout' or its corresponding type declarations.
src/pages/Favorites.tsx(8,58): error TS2307: Cannot find module '@/components/ui/tabs' or its corresponding type declarations.
src/pages/Finances.tsx(2,41): error TS2307: Cannot find module 'framer-motion' or its corresponding type declarations.
src/pages/Finances.tsx(7,8): error TS2307: Cannot find module 'lucide-react' or its corresponding type declarations.
src/pages/Finances.tsx(8,30): error TS2307: Cannot find module '@/components/layout/MobileLayout' or its corresponding type declarations.
src/pages/Finances.tsx(9,18): error TS2305: Module '"@/components/ui/select"' has no exported member 'SelectContent'.
src/pages/Finances.tsx(9,33): error TS2305: Module '"@/components/ui/select"' has no exported member 'SelectItem'.
src/pages/Finances.tsx(9,45): error TS2305: Module '"@/components/ui/select"' has no exported member 'SelectTrigger'.
src/pages/Finances.tsx(9,60): error TS2305: Module '"@/components/ui/select"' has no exported member 'SelectValue'.
src/pages/Finances.tsx(10,58): error TS2307: Cannot find module '@/components/ui/tabs' or its corresponding type declarations.
src/pages/Finances.tsx(128,12): error TS2322: Type '{ children: Element[]; value: string; onValueChange: Dispatch<SetStateAction<string>>; }' is not assignable to type 'IntrinsicAttributes & SelectProps'.
  Property 'children' does not exist on type 'IntrinsicAttributes & SelectProps'.
src/pages/Index.tsx(1,29): error TS2307: Cannot find module 'react-router-dom' or its corresponding type declarations.
src/pages/Index.tsx(2,24): error TS2307: Cannot find module 'framer-motion' or its corresponding type declarations.
src/pages/Index.tsx(3,32): error TS2307: Cannot find module 'lucide-react' or its corresponding type declarations.
src/pages/Index.tsx(5,30): error TS2307: Cannot find module '@/components/layout/MobileLayout' or its corresponding type declarations.
src/pages/Index.tsx(45,13): error TS2322: Type '{ children: Element; onClick: () => any; className: string; }' is not assignable to type 'IntrinsicAttributes & ButtonProps & RefAttributes<View>'.
  Property 'onClick' does not exist on type 'IntrinsicAttributes & ButtonProps & RefAttributes<View>'.
src/pages/NotFound.tsx(1,29): error TS2307: Cannot find module 'react-router-dom' or its corresponding type declarations.
src/pages/Notifications.tsx(1,24): error TS2307: Cannot find module 'framer-motion' or its corresponding type declarations.
src/pages/Notifications.tsx(2,29): error TS2307: Cannot find module 'react-router-dom' or its corresponding type declarations.
src/pages/Notifications.tsx(6,8): error TS2307: Cannot find module 'lucide-react' or its corresponding type declarations.
src/pages/Notifications.tsx(7,30): error TS2307: Cannot find module '@/components/layout/MobileLayout' or its corresponding type declarations.
src/pages/Notifications.tsx(136,15): error TS2322: Type '{ children: (string | Element)[]; variant: "ghost"; size: "sm"; onClick: () => void; className: string; }' is not assignable to type 'IntrinsicAttributes & ButtonProps & RefAttributes<View>'.
  Property 'onClick' does not exist on type 'IntrinsicAttributes & ButtonProps & RefAttributes<View>'.
src/pages/Onboarding.tsx(2,29): error TS2307: Cannot find module 'react-router-dom' or its corresponding type declarations.
src/pages/Onboarding.tsx(3,41): error TS2307: Cannot find module 'framer-motion' or its corresponding type declarations.
src/pages/Onboarding.tsx(4,60): error TS2307: Cannot find module 'lucide-react' or its corresponding type declarations.
src/pages/Onboarding.tsx(6,32): error TS2307: Cannot find module '@/components/onboarding/OnboardingStep' or its corresponding type declarations.
src/pages/Onboarding.tsx(59,33): error TS2322: Type '{ children: string; variant: "ghost"; onClick: () => void; className: string; }' is not assignable to type 'IntrinsicAttributes & ButtonProps & RefAttributes<View>'.
  Property 'onClick' does not exist on type 'IntrinsicAttributes & ButtonProps & RefAttributes<View>'.
src/pages/Onboarding.tsx(78,38): error TS2322: Type '"scanner"' is not assignable to type '"default" | "link" | "secondary" | "destructive" | "outline" | "ghost" | null | undefined'.
src/pages/Profile.tsx(1,24): error TS2307: Cannot find module 'framer-motion' or its corresponding type declarations.
src/pages/Profile.tsx(2,29): error TS2307: Cannot find module 'react-router-dom' or its corresponding type declarations.
src/pages/Profile.tsx(6,8): error TS2307: Cannot find module 'lucide-react' or its corresponding type declarations.
src/pages/Profile.tsx(7,30): error TS2307: Cannot find module '@/components/layout/MobileLayout' or its corresponding type declarations.
src/pages/ReceiptResult.tsx(1,29): error TS2307: Cannot find module 'react-router-dom' or its corresponding type declarations.
src/pages/ReceiptResult.tsx(2,24): error TS2307: Cannot find module 'framer-motion' or its corresponding type declarations.
src/pages/ReceiptResult.tsx(3,64): error TS2307: Cannot find module 'lucide-react' or its corresponding type declarations.
src/pages/ReceiptResult.tsx(5,30): error TS2307: Cannot find module '@/components/layout/MobileLayout' or its corresponding type declarations.
src/pages/ReceiptResult.tsx(118,43): error TS2322: Type '"scanner"' is not assignable to type '"default" | "link" | "secondary" | "destructive" | "outline" | "ghost" | null | undefined'.
src/pages/Recipes.tsx(2,41): error TS2307: Cannot find module 'framer-motion' or its corresponding type declarations.
src/pages/Recipes.tsx(17,8): error TS2307: Cannot find module 'lucide-react' or its corresponding type declarations.
src/pages/Recipes.tsx(18,30): error TS2307: Cannot find module '@/components/layout/MobileLayout' or its corresponding type declarations.
src/pages/Recipes.tsx(21,58): error TS2307: Cannot find module '@/components/ui/tabs' or its corresponding type declarations.
src/pages/Recipes.tsx(282,56): error TS2339: Property 'value' does not exist on type 'NativeMethods'.
src/pages/Recipes.tsx(294,17): error TS2322: Type '{ children: string; key: string; variant: "default" | "outline"; size: "sm"; onClick: () => void; className: string; }' is not assignable to type 'IntrinsicAttributes & ButtonProps & RefAttributes<View>'.
  Property 'onClick' does not exist on type 'IntrinsicAttributes & ButtonProps & RefAttributes<View>'.
src/pages/Scanner.tsx(2,29): error TS2307: Cannot find module 'react-router-dom' or its corresponding type declarations.
src/pages/Scanner.tsx(3,41): error TS2307: Cannot find module 'framer-motion' or its corresponding type declarations.
src/pages/Scanner.tsx(4,31): error TS2307: Cannot find module 'lucide-react' or its corresponding type declarations.
src/pages/Scanner.tsx(31,11): error TS2322: Type '{ children: Element; variant: "ghost"; size: "icon"; onClick: () => any; className: string; }' is not assignable to type 'IntrinsicAttributes & ButtonProps & RefAttributes<View>'.
  Property 'onClick' does not exist on type 'IntrinsicAttributes & ButtonProps & RefAttributes<View>'.
src/pages/Scanner.tsx(67,11): error TS2322: Type '{ children: string | Element; onClick: () => void; disabled: boolean; className: string; }' is not assignable to type 'IntrinsicAttributes & ButtonProps & RefAttributes<View>'.
  Property 'onClick' does not exist on type 'IntrinsicAttributes & ButtonProps & RefAttributes<View>'.
src/pages/Search.tsx(2,24): error TS2307: Cannot find module 'framer-motion' or its corresponding type declarations.
src/pages/Search.tsx(3,81): error TS2307: Cannot find module 'lucide-react' or its corresponding type declarations.
src/pages/Search.tsx(5,30): error TS2307: Cannot find module '@/components/layout/MobileLayout' or its corresponding type declarations.
src/pages/Search.tsx(6,30): error TS2307: Cannot find module '@/components/products/CategoryPill' or its corresponding type declarations.
src/pages/Search.tsx(7,29): error TS2307: Cannot find module '@/components/products/ProductCard' or its corresponding type declarations.
src/pages/Search.tsx(51,13): error TS2322: Type '{ type: string; placeholder: string; value: string; onChange: (e: TextInputChangeEvent) => void; className: string; }' is not assignable to type 'IntrinsicAttributes & TextInputProps & RefAttributes<TextInput>'.
  Property 'type' does not exist on type 'IntrinsicAttributes & TextInputProps & RefAttributes<TextInput>'.
src/pages/Search.tsx(54,54): error TS2339: Property 'value' does not exist on type 'NativeMethods'.
src/pages/Settings.tsx(1,24): error TS2307: Cannot find module 'framer-motion' or its corresponding type declarations.
src/pages/Settings.tsx(2,29): error TS2307: Cannot find module 'react-router-dom' or its corresponding type declarations.
src/pages/Settings.tsx(7,8): error TS2307: Cannot find module 'lucide-react' or its corresponding type declarations.
src/pages/Settings.tsx(8,30): error TS2307: Cannot find module '@/components/layout/MobileLayout' or its corresponding type declarations.
src/pages/Settings.tsx(9,24): error TS2307: Cannot find module '@/components/ui/switch' or its corresponding type declarations.
src/pages/Settings.tsx(141,25): error TS2339: Property 'value' does not exist on type '{ icon: any; label: string; value: string; } | { icon: any; label: string; }'.
  Property 'value' does not exist on type '{ icon: any; label: string; }'.
src/pages/Settings.tsx(143,29): error TS2339: Property 'value' does not exist on type '{ icon: any; label: string; value: string; } | { icon: any; label: string; }'.
  Property 'value' does not exist on type '{ icon: any; label: string; }'.
src/pages/ShoppingList.tsx(2,24): error TS2307: Cannot find module 'framer-motion' or its corresponding type declarations.
src/pages/ShoppingList.tsx(3,59): error TS2307: Cannot find module 'lucide-react' or its corresponding type declarations.
src/pages/ShoppingList.tsx(6,30): error TS2307: Cannot find module '@/components/layout/MobileLayout' or its corresponding type declarations.
src/pages/ShoppingList.tsx(7,32): error TS2307: Cannot find module '@/components/map/StoreMapDialog' or its corresponding type declarations.
src/pages/ShoppingList.tsx(75,13): error TS2322: Type '{ type: string; placeholder: string; value: string; onChange: (e: TextInputChangeEvent) => void; onKeyPress: (e: TextInputKeyPressEvent) => false | void; className: string; }' is not assignable to type 'IntrinsicAttributes & TextInputProps & RefAttributes<TextInput>'.
  Property 'type' does not exist on type 'IntrinsicAttributes & TextInputProps & RefAttributes<TextInput>'.
src/pages/ShoppingList.tsx(78,50): error TS2339: Property 'value' does not exist on type 'NativeMethods'.
src/pages/ShoppingList.tsx(79,34): error TS2339: Property 'key' does not exist on type 'TextInputKeyPressEvent'.
src/pages/ShoppingList.tsx(82,19): error TS2322: Type '{ children: Element; onClick: () => void; size: "icon"; className: string; }' is not assignable to type 'IntrinsicAttributes & ButtonProps & RefAttributes<View>'.
  Property 'onClick' does not exist on type 'IntrinsicAttributes & ButtonProps & RefAttributes<View>'.
src/pages/ShoppingList.tsx(160,13): error TS2322: Type '"accent"' is not assignable to type '"default" | "link" | "secondary" | "destructive" | "outline" | "ghost" | null | undefined'.
vite.config.ts(1,30): error TS2307: Cannot find module 'vite' or its corresponding type declarations.
vite.config.ts(2,19): error TS2307: Cannot find module '@vitejs/plugin-react-swc' or its corresponding type declarations.
vite.config.ts(4,33): error TS2307: Cannot find module 'lovable-tagger' or its corresponding type declarations.
vite.config.ts(7,32): error TS7031: Binding element 'mode' implicitly has an 'any' type.
web_source/xassafsdvsdiufm-main/src/App.tsx(1,25): error TS2307: Cannot find module '@/components/ui/toaster' or its corresponding type declarations.
web_source/xassafsdvsdiufm-main/src/App.tsx(2,35): error TS2307: Cannot find module '@/components/ui/sonner' or its corresponding type declarations.
web_source/xassafsdvsdiufm-main/src/App.tsx(3,33): error TS2307: Cannot find module '@/components/ui/tooltip' or its corresponding type declarations.
web_source/xassafsdvsdiufm-main/src/App.tsx(5,46): error TS2307: Cannot find module 'react-router-dom' or its corresponding type declarations.
web_source/xassafsdvsdiufm-main/src/components/finances/InflationCharts.tsx(2,41): error TS2307: Cannot find module 'framer-motion' or its corresponding type declarations.
web_source/xassafsdvsdiufm-main/src/components/finances/InflationCharts.tsx(6,8): error TS2307: Cannot find module 'lucide-react' or its corresponding type declarations.
web_source/xassafsdvsdiufm-main/src/components/finances/InflationCharts.tsx(7,132): error TS2307: Cannot find module 'recharts' or its corresponding type declarations.
web_source/xassafsdvsdiufm-main/src/components/finances/InflationCharts.tsx(8,18): error TS2305: Module '"@/components/ui/select"' has no exported member 'SelectContent'.
web_source/xassafsdvsdiufm-main/src/components/finances/InflationCharts.tsx(8,33): error TS2305: Module '"@/components/ui/select"' has no exported member 'SelectItem'.
web_source/xassafsdvsdiufm-main/src/components/finances/InflationCharts.tsx(8,45): error TS2305: Module '"@/components/ui/select"' has no exported member 'SelectTrigger'.
web_source/xassafsdvsdiufm-main/src/components/finances/InflationCharts.tsx(8,60): error TS2305: Module '"@/components/ui/select"' has no exported member 'SelectValue'.
web_source/xassafsdvsdiufm-main/src/components/finances/InflationCharts.tsx(201,33): error TS7006: Parameter 'value' implicitly has an 'any' type.
web_source/xassafsdvsdiufm-main/src/components/finances/InflationCharts.tsx(266,33): error TS7006: Parameter 'value' implicitly has an 'any' type.
web_source/xassafsdvsdiufm-main/src/components/finances/InflationCharts.tsx(297,10): error TS2322: Type '{ children: Element[]; value: string; onValueChange: Dispatch<SetStateAction<string | null>>; }' is not assignable to type 'IntrinsicAttributes & SelectProps'.
  Property 'children' does not exist on type 'IntrinsicAttributes & SelectProps'.
web_source/xassafsdvsdiufm-main/src/components/finances/InflationCharts.tsx(373,41): error TS7006: Parameter 'value' implicitly has an 'any' type.
web_source/xassafsdvsdiufm-main/src/components/home/QuickStats.tsx(1,24): error TS2307: Cannot find module 'framer-motion' or its corresponding type declarations.
web_source/xassafsdvsdiufm-main/src/components/home/QuickStats.tsx(2,46): error TS2307: Cannot find module 'lucide-react' or its corresponding type declarations.
web_source/xassafsdvsdiufm-main/src/components/home/RecentDeals.tsx(1,24): error TS2307: Cannot find module 'framer-motion' or its corresponding type declarations.
web_source/xassafsdvsdiufm-main/src/components/home/RecentDeals.tsx(2,45): error TS2307: Cannot find module 'lucide-react' or its corresponding type declarations.
web_source/xassafsdvsdiufm-main/src/components/home/RecentDeals.tsx(5,29): error TS2307: Cannot find module 'react-router-dom' or its corresponding type declarations.
web_source/xassafsdvsdiufm-main/src/components/home/RecentDeals.tsx(100,68): error TS2322: Type '{ children: (string | Element)[]; variant: "ghost"; size: "sm"; className: string; onClick: () => any; }' is not assignable to type 'IntrinsicAttributes & ButtonProps & RefAttributes<View>'.
  Property 'onClick' does not exist on type 'IntrinsicAttributes & ButtonProps & RefAttributes<View>'.
web_source/xassafsdvsdiufm-main/src/components/inflation/InflationTracker.tsx(2,41): error TS2307: Cannot find module 'framer-motion' or its corresponding type declarations.
web_source/xassafsdvsdiufm-main/src/components/inflation/InflationTracker.tsx(3,100): error TS2307: Cannot find module 'lucide-react' or its corresponding type declarations.
web_source/xassafsdvsdiufm-main/src/components/inflation/InflationTracker.tsx(5,18): error TS2305: Module '"@/components/ui/select"' has no exported member 'SelectContent'.
web_source/xassafsdvsdiufm-main/src/components/inflation/InflationTracker.tsx(5,33): error TS2305: Module '"@/components/ui/select"' has no exported member 'SelectItem'.
web_source/xassafsdvsdiufm-main/src/components/inflation/InflationTracker.tsx(5,45): error TS2305: Module '"@/components/ui/select"' has no exported member 'SelectTrigger'.
web_source/xassafsdvsdiufm-main/src/components/inflation/InflationTracker.tsx(5,60): error TS2305: Module '"@/components/ui/select"' has no exported member 'SelectValue'.
web_source/xassafsdvsdiufm-main/src/components/inflation/InflationTracker.tsx(6,74): error TS2307: Cannot find module '@/components/ui/tooltip' or its corresponding type declarations.
web_source/xassafsdvsdiufm-main/src/components/inflation/InflationTracker.tsx(74,10): error TS2322: Type '{ children: Element[]; value: string; onValueChange: Dispatch<SetStateAction<string>>; }' is not assignable to type 'IntrinsicAttributes & SelectProps'.
  Property 'children' does not exist on type 'IntrinsicAttributes & SelectProps'.
web_source/xassafsdvsdiufm-main/src/components/layout/BottomNav.tsx(1,60): error TS2307: Cannot find module 'lucide-react' or its corresponding type declarations.
web_source/xassafsdvsdiufm-main/src/components/layout/BottomNav.tsx(2,25): error TS2307: Cannot find module '@/components/NavLink' or its corresponding type declarations.
web_source/xassafsdvsdiufm-main/src/components/map/FictionalMap.tsx(1,24): error TS2307: Cannot find module 'framer-motion' or its corresponding type declarations.
web_source/xassafsdvsdiufm-main/src/components/map/FictionalMap.tsx(2,36): error TS2307: Cannot find module 'lucide-react' or its corresponding type declarations.
web_source/xassafsdvsdiufm-main/src/components/map/StoreMapDialog.tsx(2,41): error TS2307: Cannot find module 'framer-motion' or its corresponding type declarations.
web_source/xassafsdvsdiufm-main/src/components/map/StoreMapDialog.tsx(3,59): error TS2307: Cannot find module 'lucide-react' or its corresponding type declarations.
web_source/xassafsdvsdiufm-main/src/components/map/StoreMapDialog.tsx(4,26): error TS2307: Cannot find module '@/components/map/FictionalMap' or its corresponding type declarations.
web_source/xassafsdvsdiufm-main/src/components/map/StoreMapDialog.tsx(11,8): error TS2307: Cannot find module '@/components/ui/dialog' or its corresponding type declarations.
web_source/xassafsdvsdiufm-main/src/components/map/StoreMapDialog.tsx(12,58): error TS2307: Cannot find module '@/components/ui/tabs' or its corresponding type declarations.
web_source/xassafsdvsdiufm-main/src/components/map/StoreMapDialog.tsx(149,51): error TS7006: Parameter 'v' implicitly has an 'any' type.
web_source/xassafsdvsdiufm-main/src/components/map/StoreMapDialog.tsx(175,31): error TS7006: Parameter 'id' implicitly has an 'any' type.
web_source/xassafsdvsdiufm-main/src/components/map/StoreMapDialog.tsx(321,21): error TS2322: Type '"accent"' is not assignable to type '"default" | "link" | "secondary" | "destructive" | "outline" | "ghost" | null | undefined'.
web_source/xassafsdvsdiufm-main/src/components/NavLink.tsx(1,56): error TS2307: Cannot find module 'react-router-dom' or its corresponding type declarations.
web_source/xassafsdvsdiufm-main/src/components/NavLink.tsx(17,23): error TS7031: Binding element 'isActive' implicitly has an 'any' type.
web_source/xassafsdvsdiufm-main/src/components/NavLink.tsx(17,33): error TS7031: Binding element 'isPending' implicitly has an 'any' type.
web_source/xassafsdvsdiufm-main/src/components/onboarding/OnboardingStep.tsx(1,24): error TS2307: Cannot find module 'framer-motion' or its corresponding type declarations.
web_source/xassafsdvsdiufm-main/src/components/onboarding/OnboardingStep.tsx(2,28): error TS2307: Cannot find module 'lucide-react' or its corresponding type declarations.
web_source/xassafsdvsdiufm-main/src/components/products/CategoryPill.tsx(1,28): error TS2307: Cannot find module 'lucide-react' or its corresponding type declarations.
web_source/xassafsdvsdiufm-main/src/components/products/ProductCard.tsx(1,24): error TS2307: Cannot find module 'framer-motion' or its corresponding type declarations.
web_source/xassafsdvsdiufm-main/src/components/products/ProductCard.tsx(2,57): error TS2307: Cannot find module 'lucide-react' or its corresponding type declarations.
web_source/xassafsdvsdiufm-main/src/components/scanner/ScannerView.tsx(1,24): error TS2307: Cannot find module 'framer-motion' or its corresponding type declarations.
web_source/xassafsdvsdiufm-main/src/components/scanner/ScannerView.tsx(2,31): error TS2307: Cannot find module 'lucide-react' or its corresponding type declarations.
web_source/xassafsdvsdiufm-main/src/components/ui/accordion.tsx(2,37): error TS2307: Cannot find module '@radix-ui/react-accordion' or its corresponding type declarations.
web_source/xassafsdvsdiufm-main/src/components/ui/accordion.tsx(3,29): error TS2307: Cannot find module 'lucide-react' or its corresponding type declarations.
web_source/xassafsdvsdiufm-main/src/components/ui/alert-dialog.tsx(2,39): error TS2307: Cannot find module '@radix-ui/react-alert-dialog' or its corresponding type declarations.
web_source/xassafsdvsdiufm-main/src/components/ui/aspect-ratio.tsx(1,39): error TS2307: Cannot find module '@radix-ui/react-aspect-ratio' or its corresponding type declarations.
web_source/xassafsdvsdiufm-main/src/components/ui/avatar.tsx(2,34): error TS2307: Cannot find module '@radix-ui/react-avatar' or its corresponding type declarations.
web_source/xassafsdvsdiufm-main/src/components/ui/breadcrumb.tsx(3,46): error TS2307: Cannot find module 'lucide-react' or its corresponding type declarations.
web_source/xassafsdvsdiufm-main/src/components/ui/calendar.tsx(2,43): error TS2307: Cannot find module 'lucide-react' or its corresponding type declarations.
web_source/xassafsdvsdiufm-main/src/components/ui/calendar.tsx(3,27): error TS2307: Cannot find module 'react-day-picker' or its corresponding type declarations.
web_source/xassafsdvsdiufm-main/src/components/ui/carousel.tsx(2,61): error TS2307: Cannot find module 'embla-carousel-react' or its corresponding type declarations.
web_source/xassafsdvsdiufm-main/src/components/ui/carousel.tsx(3,39): error TS2307: Cannot find module 'lucide-react' or its corresponding type declarations.
web_source/xassafsdvsdiufm-main/src/components/ui/carousel.tsx(174,9): error TS2322: Type 'ForwardedRef<HTMLButtonElement>' is not assignable to type 'Ref<View> | undefined'.
  Type 'RefObject<HTMLButtonElement | null>' is not assignable to type 'Ref<View> | undefined'.
    Type 'RefObject<HTMLButtonElement | null>' is not assignable to type 'RefObject<View | null>'.
      Type 'HTMLButtonElement | null' is not assignable to type 'View | null'.
        Type 'HTMLButtonElement' is not assignable to type 'NativeMethods & ViewComponent'.
          Type 'HTMLButtonElement' is missing the following properties from type 'NativeMethods': measure, measureInWindow, measureLayout, setNativeProps
web_source/xassafsdvsdiufm-main/src/components/ui/carousel.tsx(202,9): error TS2322: Type 'ForwardedRef<HTMLButtonElement>' is not assignable to type 'Ref<View> | undefined'.
  Type 'RefObject<HTMLButtonElement | null>' is not assignable to type 'Ref<View> | undefined'.
    Type 'RefObject<HTMLButtonElement | null>' is not assignable to type 'RefObject<View | null>'.
      Type 'HTMLButtonElement | null' is not assignable to type 'View | null'.
        Type 'HTMLButtonElement' is not assignable to type 'NativeMethods & ViewComponent'.
          Type 'HTMLButtonElement' is missing the following properties from type 'NativeMethods': measure, measureInWindow, measureLayout, setNativeProps
web_source/xassafsdvsdiufm-main/src/components/ui/chart.tsx(2,36): error TS2307: Cannot find module 'recharts' or its corresponding type declarations.
web_source/xassafsdvsdiufm-main/src/components/ui/chart.tsx(163,25): error TS7006: Parameter 'item' implicitly has an 'any' type.
web_source/xassafsdvsdiufm-main/src/components/ui/chart.tsx(163,31): error TS7006: Parameter 'index' implicitly has an 'any' type.
web_source/xassafsdvsdiufm-main/src/components/ui/chart.tsx(249,21): error TS7006: Parameter 'item' implicitly has an 'any' type.
web_source/xassafsdvsdiufm-main/src/components/ui/checkbox.tsx(2,36): error TS2307: Cannot find module '@radix-ui/react-checkbox' or its corresponding type declarations.
web_source/xassafsdvsdiufm-main/src/components/ui/checkbox.tsx(3,23): error TS2307: Cannot find module 'lucide-react' or its corresponding type declarations.
web_source/xassafsdvsdiufm-main/src/components/ui/collapsible.tsx(1,39): error TS2307: Cannot find module '@radix-ui/react-collapsible' or its corresponding type declarations.
web_source/xassafsdvsdiufm-main/src/components/ui/command.tsx(2,34): error TS2307: Cannot find module '@radix-ui/react-dialog' or its corresponding type declarations.
web_source/xassafsdvsdiufm-main/src/components/ui/command.tsx(3,45): error TS2307: Cannot find module 'cmdk' or its corresponding type declarations.
web_source/xassafsdvsdiufm-main/src/components/ui/command.tsx(4,24): error TS2307: Cannot find module 'lucide-react' or its corresponding type declarations.
web_source/xassafsdvsdiufm-main/src/components/ui/command.tsx(7,39): error TS2307: Cannot find module '@/components/ui/dialog' or its corresponding type declarations.
web_source/xassafsdvsdiufm-main/src/components/ui/command.tsx(26,26): error TS2339: Property 'children' does not exist on type 'CommandDialogProps'.
web_source/xassafsdvsdiufm-main/src/components/ui/context-menu.tsx(2,39): error TS2307: Cannot find module '@radix-ui/react-context-menu' or its corresponding type declarations.
web_source/xassafsdvsdiufm-main/src/components/ui/context-menu.tsx(3,45): error TS2307: Cannot find module 'lucide-react' or its corresponding type declarations.
web_source/xassafsdvsdiufm-main/src/components/ui/dialog.tsx(2,34): error TS2307: Cannot find module '@radix-ui/react-dialog' or its corresponding type declarations.
web_source/xassafsdvsdiufm-main/src/components/ui/dialog.tsx(3,19): error TS2307: Cannot find module 'lucide-react' or its corresponding type declarations.
web_source/xassafsdvsdiufm-main/src/components/ui/dropdown-menu.tsx(2,40): error TS2307: Cannot find module '@radix-ui/react-dropdown-menu' or its corresponding type declarations.
web_source/xassafsdvsdiufm-main/src/components/ui/dropdown-menu.tsx(3,45): error TS2307: Cannot find module 'lucide-react' or its corresponding type declarations.
web_source/xassafsdvsdiufm-main/src/components/ui/form.tsx(2,33): error TS2307: Cannot find module '@radix-ui/react-label' or its corresponding type declarations.
web_source/xassafsdvsdiufm-main/src/components/ui/form.tsx(4,99): error TS2307: Cannot find module 'react-hook-form' or its corresponding type declarations.
web_source/xassafsdvsdiufm-main/src/components/ui/form.tsx(7,23): error TS2307: Cannot find module '@/components/ui/label' or its corresponding type declarations.
web_source/xassafsdvsdiufm-main/src/components/ui/hover-card.tsx(2,37): error TS2307: Cannot find module '@radix-ui/react-hover-card' or its corresponding type declarations.
web_source/xassafsdvsdiufm-main/src/components/ui/input-otp.tsx(2,43): error TS2307: Cannot find module 'input-otp' or its corresponding type declarations.
web_source/xassafsdvsdiufm-main/src/components/ui/input-otp.tsx(3,21): error TS2307: Cannot find module 'lucide-react' or its corresponding type declarations.
web_source/xassafsdvsdiufm-main/src/components/ui/input-otp.tsx(29,44): error TS18046: 'inputOTPContext' is of type 'unknown'.
web_source/xassafsdvsdiufm-main/src/components/ui/label.tsx(2,33): error TS2307: Cannot find module '@radix-ui/react-label' or its corresponding type declarations.
web_source/xassafsdvsdiufm-main/src/components/ui/menubar.tsx(2,35): error TS2307: Cannot find module '@radix-ui/react-menubar' or its corresponding type declarations.
web_source/xassafsdvsdiufm-main/src/components/ui/menubar.tsx(3,45): error TS2307: Cannot find module 'lucide-react' or its corresponding type declarations.
web_source/xassafsdvsdiufm-main/src/components/ui/navigation-menu.tsx(2,42): error TS2307: Cannot find module '@radix-ui/react-navigation-menu' or its corresponding type declarations.
web_source/xassafsdvsdiufm-main/src/components/ui/navigation-menu.tsx(4,29): error TS2307: Cannot find module 'lucide-react' or its corresponding type declarations.
web_source/xassafsdvsdiufm-main/src/components/ui/pagination.tsx(2,59): error TS2307: Cannot find module 'lucide-react' or its corresponding type declarations.
web_source/xassafsdvsdiufm-main/src/components/ui/popover.tsx(2,35): error TS2307: Cannot find module '@radix-ui/react-popover' or its corresponding type declarations.
web_source/xassafsdvsdiufm-main/src/components/ui/progress.tsx(2,36): error TS2307: Cannot find module '@radix-ui/react-progress' or its corresponding type declarations.
web_source/xassafsdvsdiufm-main/src/components/ui/radio-group.tsx(2,38): error TS2307: Cannot find module '@radix-ui/react-radio-group' or its corresponding type declarations.
web_source/xassafsdvsdiufm-main/src/components/ui/radio-group.tsx(3,24): error TS2307: Cannot find module 'lucide-react' or its corresponding type declarations.
web_source/xassafsdvsdiufm-main/src/components/ui/resizable.tsx(1,30): error TS2307: Cannot find module 'lucide-react' or its corresponding type declarations.
web_source/xassafsdvsdiufm-main/src/components/ui/resizable.tsx(2,37): error TS2307: Cannot find module 'react-resizable-panels' or its corresponding type declarations.
web_source/xassafsdvsdiufm-main/src/components/ui/scroll-area.tsx(2,38): error TS2307: Cannot find module '@radix-ui/react-scroll-area' or its corresponding type declarations.
web_source/xassafsdvsdiufm-main/src/components/ui/select.tsx(2,34): error TS2307: Cannot find module '@radix-ui/react-select' or its corresponding type declarations.
web_source/xassafsdvsdiufm-main/src/components/ui/select.tsx(3,47): error TS2307: Cannot find module 'lucide-react' or its corresponding type declarations.
web_source/xassafsdvsdiufm-main/src/components/ui/separator.tsx(2,37): error TS2307: Cannot find module '@radix-ui/react-separator' or its corresponding type declarations.
web_source/xassafsdvsdiufm-main/src/components/ui/sheet.tsx(1,33): error TS2307: Cannot find module '@radix-ui/react-dialog' or its corresponding type declarations.
web_source/xassafsdvsdiufm-main/src/components/ui/sheet.tsx(3,19): error TS2307: Cannot find module 'lucide-react' or its corresponding type declarations.
web_source/xassafsdvsdiufm-main/src/components/ui/sheet.tsx(55,22): error TS2339: Property 'className' does not exist on type 'SheetContentProps'.
web_source/xassafsdvsdiufm-main/src/components/ui/sheet.tsx(55,33): error TS2339: Property 'children' does not exist on type 'SheetContentProps'.
web_source/xassafsdvsdiufm-main/src/components/ui/sidebar.tsx(4,27): error TS2307: Cannot find module 'lucide-react' or its corresponding type declarations.
web_source/xassafsdvsdiufm-main/src/components/ui/sidebar.tsx(6,29): error TS2307: Cannot find module '@/hooks/use-mobile' or its corresponding type declarations.
web_source/xassafsdvsdiufm-main/src/components/ui/sidebar.tsx(10,27): error TS2307: Cannot find module '@/components/ui/separator' or its corresponding type declarations.
web_source/xassafsdvsdiufm-main/src/components/ui/sidebar.tsx(11,37): error TS2307: Cannot find module '@/components/ui/sheet' or its corresponding type declarations.
web_source/xassafsdvsdiufm-main/src/components/ui/sidebar.tsx(12,26): error TS2307: Cannot find module '@/components/ui/skeleton' or its corresponding type declarations.
web_source/xassafsdvsdiufm-main/src/components/ui/sidebar.tsx(13,74): error TS2307: Cannot find module '@/components/ui/tooltip' or its corresponding type declarations.
web_source/xassafsdvsdiufm-main/src/components/ui/sidebar.tsx(220,17): error TS2339: Property 'onClick' does not exist on type 'Omit<ButtonProps & RefAttributes<View>, "ref">'.
web_source/xassafsdvsdiufm-main/src/components/ui/sidebar.tsx(230,9): error TS2322: Type '{ children: Element[]; variant: "default" | "link" | "secondary" | "destructive" | "outline" | "ghost" | null; id?: string | undefined; label?: string | undefined; style?: StyleProp<ViewStyle>; ... 68 more ...; onClick: (event: any) => void; }' is not assignable to type 'IntrinsicAttributes & ButtonProps & RefAttributes<View>'.
  Property 'onClick' does not exist on type 'IntrinsicAttributes & ButtonProps & RefAttributes<View>'.
web_source/xassafsdvsdiufm-main/src/components/ui/sidebar.tsx(230,19): error TS7006: Parameter 'event' implicitly has an 'any' type.
web_source/xassafsdvsdiufm-main/src/components/ui/slider.tsx(2,34): error TS2307: Cannot find module '@radix-ui/react-slider' or its corresponding type declarations.
web_source/xassafsdvsdiufm-main/src/components/ui/sonner.tsx(1,26): error TS2307: Cannot find module 'next-themes' or its corresponding type declarations.
web_source/xassafsdvsdiufm-main/src/components/ui/sonner.tsx(2,42): error TS2307: Cannot find module 'sonner' or its corresponding type declarations.
web_source/xassafsdvsdiufm-main/src/components/ui/switch.tsx(2,35): error TS2307: Cannot find module '@radix-ui/react-switch' or its corresponding type declarations.
web_source/xassafsdvsdiufm-main/src/components/ui/tabs.tsx(2,32): error TS2307: Cannot find module '@radix-ui/react-tabs' or its corresponding type declarations.
web_source/xassafsdvsdiufm-main/src/components/ui/toast.tsx(2,34): error TS2307: Cannot find module '@radix-ui/react-toast' or its corresponding type declarations.
web_source/xassafsdvsdiufm-main/src/components/ui/toast.tsx(4,19): error TS2307: Cannot find module 'lucide-react' or its corresponding type declarations.
web_source/xassafsdvsdiufm-main/src/components/ui/toaster.tsx(1,26): error TS2307: Cannot find module '@/hooks/use-toast' or its corresponding type declarations.
web_source/xassafsdvsdiufm-main/src/components/ui/toaster.tsx(2,95): error TS2307: Cannot find module '@/components/ui/toast' or its corresponding type declarations.
web_source/xassafsdvsdiufm-main/src/components/ui/toaster.tsx(9,31): error TS7031: Binding element 'id' implicitly has an 'any' type.
web_source/xassafsdvsdiufm-main/src/components/ui/toaster.tsx(9,35): error TS7031: Binding element 'title' implicitly has an 'any' type.
web_source/xassafsdvsdiufm-main/src/components/ui/toaster.tsx(9,42): error TS7031: Binding element 'description' implicitly has an 'any' type.
web_source/xassafsdvsdiufm-main/src/components/ui/toaster.tsx(9,55): error TS7031: Binding element 'action' implicitly has an 'any' type.
web_source/xassafsdvsdiufm-main/src/components/ui/toggle-group.tsx(2,39): error TS2307: Cannot find module '@radix-ui/react-toggle-group' or its corresponding type declarations.
web_source/xassafsdvsdiufm-main/src/components/ui/toggle-group.tsx(6,32): error TS2307: Cannot find module '@/components/ui/toggle' or its corresponding type declarations.
web_source/xassafsdvsdiufm-main/src/components/ui/toggle.tsx(2,34): error TS2307: Cannot find module '@radix-ui/react-toggle' or its corresponding type declarations.
web_source/xassafsdvsdiufm-main/src/components/ui/tooltip.tsx(2,35): error TS2307: Cannot find module '@radix-ui/react-tooltip' or its corresponding type declarations.
web_source/xassafsdvsdiufm-main/src/components/ui/use-toast.ts(1,33): error TS2307: Cannot find module '@/hooks/use-toast' or its corresponding type declarations.
web_source/xassafsdvsdiufm-main/src/hooks/use-toast.ts(3,53): error TS2307: Cannot find module '@/components/ui/toast' or its corresponding type declarations.
web_source/xassafsdvsdiufm-main/src/hooks/use-toast.ts(153,22): error TS7006: Parameter 'open' implicitly has an 'any' type.
web_source/xassafsdvsdiufm-main/src/main.tsx(1,28): error TS7016: Could not find a declaration file for module 'react-dom/client'. 'C:/Users/fillo/Desktop/NotaPoint/NotaPoint/node_modules/react-dom/client.js' implicitly has an 'any' type.
  Try `npm i --save-dev @types/react-dom` if it exists or add a new declaration (.d.ts) file containing `declare module 'react-dom/client';`
web_source/xassafsdvsdiufm-main/src/main.tsx(2,17): error TS5097: An import path can only end with a '.tsx' extension when 'allowImportingTsExtensions' is enabled.
web_source/xassafsdvsdiufm-main/src/pages/Deals.tsx(2,24): error TS2307: Cannot find module 'framer-motion' or its corresponding type declarations.
web_source/xassafsdvsdiufm-main/src/pages/Deals.tsx(3,74): error TS2307: Cannot find module 'lucide-react' or its corresponding type declarations.
web_source/xassafsdvsdiufm-main/src/pages/Deals.tsx(4,29): error TS2307: Cannot find module 'react-router-dom' or its corresponding type declarations.
web_source/xassafsdvsdiufm-main/src/pages/Deals.tsx(5,30): error TS2307: Cannot find module '@/components/layout/MobileLayout' or its corresponding type declarations.
web_source/xassafsdvsdiufm-main/src/pages/Favorites.tsx(1,24): error TS2307: Cannot find module 'framer-motion' or its corresponding type declarations.
web_source/xassafsdvsdiufm-main/src/pages/Favorites.tsx(2,29): error TS2307: Cannot find module 'react-router-dom' or its corresponding type declarations.
web_source/xassafsdvsdiufm-main/src/pages/Favorites.tsx(6,8): error TS2307: Cannot find module 'lucide-react' or its corresponding type declarations.
web_source/xassafsdvsdiufm-main/src/pages/Favorites.tsx(7,30): error TS2307: Cannot find module '@/components/layout/MobileLayout' or its corresponding type declarations.
web_source/xassafsdvsdiufm-main/src/pages/Favorites.tsx(8,58): error TS2307: Cannot find module '@/components/ui/tabs' or its corresponding type declarations.
web_source/xassafsdvsdiufm-main/src/pages/Finances.tsx(2,41): error TS2307: Cannot find module 'framer-motion' or its corresponding type declarations.
web_source/xassafsdvsdiufm-main/src/pages/Finances.tsx(7,8): error TS2307: Cannot find module 'lucide-react' or its corresponding type declarations.
web_source/xassafsdvsdiufm-main/src/pages/Finances.tsx(8,30): error TS2307: Cannot find module '@/components/layout/MobileLayout' or its corresponding type declarations.
web_source/xassafsdvsdiufm-main/src/pages/Finances.tsx(9,18): error TS2305: Module '"@/components/ui/select"' has no exported member 'SelectContent'.
web_source/xassafsdvsdiufm-main/src/pages/Finances.tsx(9,33): error TS2305: Module '"@/components/ui/select"' has no exported member 'SelectItem'.
web_source/xassafsdvsdiufm-main/src/pages/Finances.tsx(9,45): error TS2305: Module '"@/components/ui/select"' has no exported member 'SelectTrigger'.
web_source/xassafsdvsdiufm-main/src/pages/Finances.tsx(9,60): error TS2305: Module '"@/components/ui/select"' has no exported member 'SelectValue'.
web_source/xassafsdvsdiufm-main/src/pages/Finances.tsx(10,58): error TS2307: Cannot find module '@/components/ui/tabs' or its corresponding type declarations.
web_source/xassafsdvsdiufm-main/src/pages/Finances.tsx(128,12): error TS2322: Type '{ children: Element[]; value: string; onValueChange: Dispatch<SetStateAction<string>>; }' is not assignable to type 'IntrinsicAttributes & SelectProps'.
  Property 'children' does not exist on type 'IntrinsicAttributes & SelectProps'.
web_source/xassafsdvsdiufm-main/src/pages/Index.tsx(1,29): error TS2307: Cannot find module 'react-router-dom' or its corresponding type declarations.
web_source/xassafsdvsdiufm-main/src/pages/Index.tsx(2,24): error TS2307: Cannot find module 'framer-motion' or its corresponding type declarations.
web_source/xassafsdvsdiufm-main/src/pages/Index.tsx(3,32): error TS2307: Cannot find module 'lucide-react' or its corresponding type declarations.
web_source/xassafsdvsdiufm-main/src/pages/Index.tsx(5,30): error TS2307: Cannot find module '@/components/layout/MobileLayout' or its corresponding type declarations.
web_source/xassafsdvsdiufm-main/src/pages/Index.tsx(45,13): error TS2322: Type '{ children: Element; onClick: () => any; className: string; }' is not assignable to type 'IntrinsicAttributes & ButtonProps & RefAttributes<View>'.
  Property 'onClick' does not exist on type 'IntrinsicAttributes & ButtonProps & RefAttributes<View>'.
web_source/xassafsdvsdiufm-main/src/pages/NotFound.tsx(1,29): error TS2307: Cannot find module 'react-router-dom' or its corresponding type declarations.
web_source/xassafsdvsdiufm-main/src/pages/Notifications.tsx(1,24): error TS2307: Cannot find module 'framer-motion' or its corresponding type declarations.
web_source/xassafsdvsdiufm-main/src/pages/Notifications.tsx(2,29): error TS2307: Cannot find module 'react-router-dom' or its corresponding type declarations.
web_source/xassafsdvsdiufm-main/src/pages/Notifications.tsx(6,8): error TS2307: Cannot find module 'lucide-react' or its corresponding type declarations.
web_source/xassafsdvsdiufm-main/src/pages/Notifications.tsx(7,30): error TS2307: Cannot find module '@/components/layout/MobileLayout' or its corresponding type declarations.
web_source/xassafsdvsdiufm-main/src/pages/Notifications.tsx(136,15): error TS2322: Type '{ children: (string | Element)[]; variant: "ghost"; size: "sm"; onClick: () => void; className: string; }' is not assignable to type 'IntrinsicAttributes & ButtonProps & RefAttributes<View>'.
  Property 'onClick' does not exist on type 'IntrinsicAttributes & ButtonProps & RefAttributes<View>'.
web_source/xassafsdvsdiufm-main/src/pages/Onboarding.tsx(2,29): error TS2307: Cannot find module 'react-router-dom' or its corresponding type declarations.
web_source/xassafsdvsdiufm-main/src/pages/Onboarding.tsx(3,41): error TS2307: Cannot find module 'framer-motion' or its corresponding type declarations.
web_source/xassafsdvsdiufm-main/src/pages/Onboarding.tsx(4,60): error TS2307: Cannot find module 'lucide-react' or its corresponding type declarations.
web_source/xassafsdvsdiufm-main/src/pages/Onboarding.tsx(6,32): error TS2307: Cannot find module '@/components/onboarding/OnboardingStep' or its corresponding type declarations.
web_source/xassafsdvsdiufm-main/src/pages/Onboarding.tsx(59,33): error TS2322: Type '{ children: string; variant: "ghost"; onClick: () => void; className: string; }' is not assignable to type 'IntrinsicAttributes & ButtonProps & RefAttributes<View>'.
  Property 'onClick' does not exist on type 'IntrinsicAttributes & ButtonProps & RefAttributes<View>'.
web_source/xassafsdvsdiufm-main/src/pages/Onboarding.tsx(78,38): error TS2322: Type '"scanner"' is not assignable to type '"default" | "link" | "secondary" | "destructive" | "outline" | "ghost" | null | undefined'.
web_source/xassafsdvsdiufm-main/src/pages/Profile.tsx(1,24): error TS2307: Cannot find module 'framer-motion' or its corresponding type declarations.
web_source/xassafsdvsdiufm-main/src/pages/Profile.tsx(2,29): error TS2307: Cannot find module 'react-router-dom' or its corresponding type declarations.
web_source/xassafsdvsdiufm-main/src/pages/Profile.tsx(6,8): error TS2307: Cannot find module 'lucide-react' or its corresponding type declarations.
web_source/xassafsdvsdiufm-main/src/pages/Profile.tsx(7,30): error TS2307: Cannot find module '@/components/layout/MobileLayout' or its corresponding type declarations.
web_source/xassafsdvsdiufm-main/src/pages/ReceiptResult.tsx(1,29): error TS2307: Cannot find module 'react-router-dom' or its corresponding type declarations.
web_source/xassafsdvsdiufm-main/src/pages/ReceiptResult.tsx(2,24): error TS2307: Cannot find module 'framer-motion' or its corresponding type declarations.
web_source/xassafsdvsdiufm-main/src/pages/ReceiptResult.tsx(3,64): error TS2307: Cannot find module 'lucide-react' or its corresponding type declarations.
web_source/xassafsdvsdiufm-main/src/pages/ReceiptResult.tsx(5,30): error TS2307: Cannot find module '@/components/layout/MobileLayout' or its corresponding type declarations.
web_source/xassafsdvsdiufm-main/src/pages/ReceiptResult.tsx(118,43): error TS2322: Type '"scanner"' is not assignable to type '"default" | "link" | "secondary" | "destructive" | "outline" | "ghost" | null | undefined'.
web_source/xassafsdvsdiufm-main/src/pages/Recipes.tsx(2,41): error TS2307: Cannot find module 'framer-motion' or its corresponding type declarations.
web_source/xassafsdvsdiufm-main/src/pages/Recipes.tsx(17,8): error TS2307: Cannot find module 'lucide-react' or its corresponding type declarations.
web_source/xassafsdvsdiufm-main/src/pages/Recipes.tsx(18,30): error TS2307: Cannot find module '@/components/layout/MobileLayout' or its corresponding type declarations.
web_source/xassafsdvsdiufm-main/src/pages/Recipes.tsx(21,58): error TS2307: Cannot find module '@/components/ui/tabs' or its corresponding type declarations.
web_source/xassafsdvsdiufm-main/src/pages/Recipes.tsx(282,56): error TS2339: Property 'value' does not exist on type 'NativeMethods'.
web_source/xassafsdvsdiufm-main/src/pages/Recipes.tsx(294,17): error TS2322: Type '{ children: string; key: string; variant: "default" | "outline"; size: "sm"; onClick: () => void; className: string; }' is not assignable to type 'IntrinsicAttributes & ButtonProps & RefAttributes<View>'.
  Property 'onClick' does not exist on type 'IntrinsicAttributes & ButtonProps & RefAttributes<View>'.
web_source/xassafsdvsdiufm-main/src/pages/Scanner.tsx(2,29): error TS2307: Cannot find module 'react-router-dom' or its corresponding type declarations.
web_source/xassafsdvsdiufm-main/src/pages/Scanner.tsx(3,41): error TS2307: Cannot find module 'framer-motion' or its corresponding type declarations.
web_source/xassafsdvsdiufm-main/src/pages/Scanner.tsx(4,31): error TS2307: Cannot find module 'lucide-react' or its corresponding type declarations.
web_source/xassafsdvsdiufm-main/src/pages/Scanner.tsx(31,11): error TS2322: Type '{ children: Element; variant: "ghost"; size: "icon"; onClick: () => any; className: string; }' is not assignable to type 'IntrinsicAttributes & ButtonProps & RefAttributes<View>'.
  Property 'onClick' does not exist on type 'IntrinsicAttributes & ButtonProps & RefAttributes<View>'.
web_source/xassafsdvsdiufm-main/src/pages/Scanner.tsx(67,11): error TS2322: Type '{ children: string | Element; onClick: () => void; disabled: boolean; className: string; }' is not assignable to type 'IntrinsicAttributes & ButtonProps & RefAttributes<View>'.
  Property 'onClick' does not exist on type 'IntrinsicAttributes & ButtonProps & RefAttributes<View>'.
web_source/xassafsdvsdiufm-main/src/pages/Search.tsx(2,24): error TS2307: Cannot find module 'framer-motion' or its corresponding type declarations.
web_source/xassafsdvsdiufm-main/src/pages/Search.tsx(3,81): error TS2307: Cannot find module 'lucide-react' or its corresponding type declarations.
web_source/xassafsdvsdiufm-main/src/pages/Search.tsx(5,30): error TS2307: Cannot find module '@/components/layout/MobileLayout' or its corresponding type declarations.
web_source/xassafsdvsdiufm-main/src/pages/Search.tsx(6,30): error TS2307: Cannot find module '@/components/products/CategoryPill' or its corresponding type declarations.
web_source/xassafsdvsdiufm-main/src/pages/Search.tsx(7,29): error TS2307: Cannot find module '@/components/products/ProductCard' or its corresponding type declarations.
web_source/xassafsdvsdiufm-main/src/pages/Search.tsx(51,13): error TS2322: Type '{ type: string; placeholder: string; value: string; onChange: (e: TextInputChangeEvent) => void; className: string; }' is not assignable to type 'IntrinsicAttributes & TextInputProps & RefAttributes<TextInput>'.
  Property 'type' does not exist on type 'IntrinsicAttributes & TextInputProps & RefAttributes<TextInput>'.
web_source/xassafsdvsdiufm-main/src/pages/Search.tsx(54,54): error TS2339: Property 'value' does not exist on type 'NativeMethods'.
web_source/xassafsdvsdiufm-main/src/pages/Settings.tsx(1,24): error TS2307: Cannot find module 'framer-motion' or its corresponding type declarations.
web_source/xassafsdvsdiufm-main/src/pages/Settings.tsx(2,29): error TS2307: Cannot find module 'react-router-dom' or its corresponding type declarations.
web_source/xassafsdvsdiufm-main/src/pages/Settings.tsx(7,8): error TS2307: Cannot find module 'lucide-react' or its corresponding type declarations.
web_source/xassafsdvsdiufm-main/src/pages/Settings.tsx(8,30): error TS2307: Cannot find module '@/components/layout/MobileLayout' or its corresponding type declarations.
web_source/xassafsdvsdiufm-main/src/pages/Settings.tsx(9,24): error TS2307: Cannot find module '@/components/ui/switch' or its corresponding type declarations.
web_source/xassafsdvsdiufm-main/src/pages/Settings.tsx(141,25): error TS2339: Property 'value' does not exist on type '{ icon: any; label: string; value: string; } | { icon: any; label: string; }'.
  Property 'value' does not exist on type '{ icon: any; label: string; }'.
web_source/xassafsdvsdiufm-main/src/pages/Settings.tsx(143,29): error TS2339: Property 'value' does not exist on type '{ icon: any; label: string; value: string; } | { icon: any; label: string; }'.
  Property 'value' does not exist on type '{ icon: any; label: string; }'.
web_source/xassafsdvsdiufm-main/src/pages/ShoppingList.tsx(2,24): error TS2307: Cannot find module 'framer-motion' or its corresponding type declarations.
web_source/xassafsdvsdiufm-main/src/pages/ShoppingList.tsx(3,59): error TS2307: Cannot find module 'lucide-react' or its corresponding type declarations.
web_source/xassafsdvsdiufm-main/src/pages/ShoppingList.tsx(6,30): error TS2307: Cannot find module '@/components/layout/MobileLayout' or its corresponding type declarations.
web_source/xassafsdvsdiufm-main/src/pages/ShoppingList.tsx(7,32): error TS2307: Cannot find module '@/components/map/StoreMapDialog' or its corresponding type declarations.
web_source/xassafsdvsdiufm-main/src/pages/ShoppingList.tsx(75,13): error TS2322: Type '{ type: string; placeholder: string; value: string; onChange: (e: TextInputChangeEvent) => void; onKeyPress: (e: TextInputKeyPressEvent) => false | void; className: string; }' is not assignable to type 'IntrinsicAttributes & TextInputProps & RefAttributes<TextInput>'.
  Property 'type' does not exist on type 'IntrinsicAttributes & TextInputProps & RefAttributes<TextInput>'.
web_source/xassafsdvsdiufm-main/src/pages/ShoppingList.tsx(78,50): error TS2339: Property 'value' does not exist on type 'NativeMethods'.
web_source/xassafsdvsdiufm-main/src/pages/ShoppingList.tsx(79,34): error TS2339: Property 'key' does not exist on type 'TextInputKeyPressEvent'.
web_source/xassafsdvsdiufm-main/src/pages/ShoppingList.tsx(82,19): error TS2322: Type '{ children: Element; onClick: () => void; size: "icon"; className: string; }' is not assignable to type 'IntrinsicAttributes & ButtonProps & RefAttributes<View>'.
  Property 'onClick' does not exist on type 'IntrinsicAttributes & ButtonProps & RefAttributes<View>'.
web_source/xassafsdvsdiufm-main/src/pages/ShoppingList.tsx(160,13): error TS2322: Type '"accent"' is not assignable to type '"default" | "link" | "secondary" | "destructive" | "outline" | "ghost" | null | undefined'.
web_source/xassafsdvsdiufm-main/vite.config.ts(1,30): error TS2307: Cannot find module 'vite' or its corresponding type declarations.
web_source/xassafsdvsdiufm-main/vite.config.ts(2,19): error TS2307: Cannot find module '@vitejs/plugin-react-swc' or its corresponding type declarations.
web_source/xassafsdvsdiufm-main/vite.config.ts(4,33): error TS2307: Cannot find module 'lovable-tagger' or its corresponding type declarations.
web_source/xassafsdvsdiufm-main/vite.config.ts(7,32): error TS7031: Binding element 'mode' implicitly has an 'any' type.
